{"timestamp":"2025-10-04T16:55:19Z","level":"NOTICE","component":"database","podId":"-","env":"-","requestId":"dra-sb.pok.stglabs.ibm.com-20251004-125519","file":"db.go","function":"setupDatabases","line":45,"message":"Setup Databases Called!"}
{"timestamp":"2025-10-04T16:55:19Z","level":"INFO","component":"database","podId":"-","env":"-","requestId":"dra-sb.pok.stglabs.ibm.com-20251004-125519","file":"postgres.go","function":"connectPostgres","line":111,"message":"Postgres connected ✅ for usersdb"}
{"timestamp":"2025-10-04T16:55:19Z","level":"INFO","component":"database","podId":"-","env":"-","requestId":"dra-sb.pok.stglabs.ibm.com-20251004-125519","file":"postgres.go","function":"connectPostgres","line":117,"message":"migration successful for db:usersdb"}
{"timestamp":"2025-10-04T16:55:19Z","level":"INFO","component":"database","podId":"-","env":"-","requestId":"dra-sb.pok.stglabs.ibm.com-20251004-125519","file":"postgres.go","function":"connectPostgres","line":111,"message":"Postgres connected ✅ for productsdb"}
{"timestamp":"2025-10-04T16:55:19Z","level":"INFO","component":"database","podId":"-","env":"-","requestId":"dra-sb.pok.stglabs.ibm.com-20251004-125519","file":"postgres.go","function":"connectPostgres","line":117,"message":"migration successful for db:productsdb"}
{"timestamp":"2025-10-04T16:55:19Z","level":"INFO","component":"database","podId":"-","env":"-","requestId":"dra-sb.pok.stglabs.ibm.com-20251004-125519","file":"postgres.go","function":"connectPostgres","line":111,"message":"Postgres connected ✅ for ordersdb"}
{"timestamp":"2025-10-04T16:55:19Z","level":"INFO","component":"database","podId":"-","env":"-","requestId":"dra-sb.pok.stglabs.ibm.com-20251004-125519","file":"postgres.go","function":"connectPostgres","line":117,"message":"migration successful for db:ordersdb"}
{"timestamp":"2025-10-04T16:55:19Z","level":"INFO","component":"database","podId":"-","env":"-","requestId":"dra-sb.pok.stglabs.ibm.com-20251004-125519","file":"postgres.go","function":"connectPostgres","line":111,"message":"Postgres connected ✅ for inventorydb"}
{"timestamp":"2025-10-04T16:55:19Z","level":"INFO","component":"database","podId":"-","env":"-","requestId":"dra-sb.pok.stglabs.ibm.com-20251004-125519","file":"postgres.go","function":"connectPostgres","line":117,"message":"migration successful for db:inventorydb"}
{"timestamp":"2025-10-04T16:55:19Z","level":"INFO","component":"database","podId":"-","env":"-","requestId":"dra-sb.pok.stglabs.ibm.com-20251004-125519","file":"postgres.go","function":"ConnectAllPostgres","line":150,"message":"All Postgres Connection Made Successfully"}
{"timestamp":"2025-10-04T16:55:19Z","level":"INFO","component":"database","podId":"-","env":"-","requestId":"dra-sb.pok.stglabs.ibm.com-20251004-125519","file":"redis.go","function":"connectRedis","line":57,"message":"Redis connected ✅"}
{"timestamp":"2025-10-04T16:55:19Z","level":"INFO","component":"database","podId":"-","env":"-","requestId":"dra-sb.pok.stglabs.ibm.com-20251004-125519","file":"mongodb.go","function":"func1","line":62,"message":"MongoDB connected ✅"}
{"timestamp":"2025-10-04T16:55:19Z","level":"INFO","component":"database","podId":"-","env":"-","requestId":"dra-sb.pok.stglabs.ibm.com-20251004-125519","file":"opensearch.go","function":"connectOpenSearch","line":58,"message":"OpenSearch connected ✅"}
{"timestamp":"2025-10-04T16:55:19Z","level":"INFO","component":"database","podId":"-","env":"-","requestId":"dra-sb.pok.stglabs.ibm.com-20251004-125519","file":"minio.go","function":"connectMinio","line":52,"message":"MinIO connected ✅"}
{"timestamp":"2025-10-04T16:55:26Z","level":"INFO","component":"database","podId":"-","env":"-","requestId":"4ca573f2-41f0-4471-9ccc-83237733d577","file":"postgresClient.go","function":"CreateUser","line":61,"message":"Created User"}
{"timestamp":"2025-10-04T16:55:32Z","level":"INFO","component":"database","podId":"-","env":"-","requestId":"a8c81c9c-08ea-476e-9c93-7762fc4332d3","file":"postgresClient.go","function":"CreateUser","line":61,"message":"Created User"}
{"timestamp":"2025-10-04T17:00:19Z","level":"INFO","component":"database","podId":"-","env":"-","requestId":"dra-sb.pok.stglabs.ibm.com-20251004-125519","file":"db_health_checker.go","function":"StartDBHealthTicker","line":28,"message":"mongo healthy ✅"}
{"timestamp":"2025-10-04T17:00:19Z","level":"INFO","component":"database","podId":"-","env":"-","requestId":"dra-sb.pok.stglabs.ibm.com-20251004-125519","file":"db_health_checker.go","function":"StartDBHealthTicker","line":28,"message":"redis healthy ✅"}
{"timestamp":"2025-10-04T17:00:19Z","level":"INFO","component":"database","podId":"-","env":"-","requestId":"dra-sb.pok.stglabs.ibm.com-20251004-125519","file":"db_health_checker.go","function":"StartDBHealthTicker","line":28,"message":"opensearch healthy ✅"}
{"timestamp":"2025-10-04T17:00:19Z","level":"INFO","component":"database","podId":"-","env":"-","requestId":"dra-sb.pok.stglabs.ibm.com-20251004-125519","file":"db_health_checker.go","function":"StartDBHealthTicker","line":28,"message":"minio healthy ✅"}
{"timestamp":"2025-10-04T17:00:19Z","level":"INFO","component":"database","podId":"-","env":"-","requestId":"dra-sb.pok.stglabs.ibm.com-20251004-125519","file":"db_health_checker.go","function":"StartDBHealthTicker","line":28,"message":"postgres healthy ✅"}
{"timestamp":"2025-10-04T17:05:19Z","level":"INFO","component":"database","podId":"-","env":"-","requestId":"dra-sb.pok.stglabs.ibm.com-20251004-125519","file":"db_health_checker.go","function":"StartDBHealthTicker","line":28,"message":"postgres healthy ✅"}
{"timestamp":"2025-10-04T17:05:19Z","level":"INFO","component":"database","podId":"-","env":"-","requestId":"dra-sb.pok.stglabs.ibm.com-20251004-125519","file":"db_health_checker.go","function":"StartDBHealthTicker","line":28,"message":"mongo healthy ✅"}
{"timestamp":"2025-10-04T17:05:19Z","level":"INFO","component":"database","podId":"-","env":"-","requestId":"dra-sb.pok.stglabs.ibm.com-20251004-125519","file":"db_health_checker.go","function":"StartDBHealthTicker","line":28,"message":"redis healthy ✅"}
{"timestamp":"2025-10-04T17:05:19Z","level":"INFO","component":"database","podId":"-","env":"-","requestId":"dra-sb.pok.stglabs.ibm.com-20251004-125519","file":"db_health_checker.go","function":"StartDBHealthTicker","line":28,"message":"opensearch healthy ✅"}
{"timestamp":"2025-10-04T17:05:19Z","level":"INFO","component":"database","podId":"-","env":"-","requestId":"dra-sb.pok.stglabs.ibm.com-20251004-125519","file":"db_health_checker.go","function":"StartDBHealthTicker","line":28,"message":"minio healthy ✅"}
{"timestamp":"2025-10-04T17:10:19Z","level":"INFO","component":"database","podId":"-","env":"-","requestId":"dra-sb.pok.stglabs.ibm.com-20251004-125519","file":"db_health_checker.go","function":"StartDBHealthTicker","line":28,"message":"redis healthy ✅"}
{"timestamp":"2025-10-04T17:10:19Z","level":"INFO","component":"database","podId":"-","env":"-","requestId":"dra-sb.pok.stglabs.ibm.com-20251004-125519","file":"db_health_checker.go","function":"StartDBHealthTicker","line":28,"message":"opensearch healthy ✅"}
{"timestamp":"2025-10-04T17:10:19Z","level":"INFO","component":"database","podId":"-","env":"-","requestId":"dra-sb.pok.stglabs.ibm.com-20251004-125519","file":"db_health_checker.go","function":"StartDBHealthTicker","line":28,"message":"minio healthy ✅"}
{"timestamp":"2025-10-04T17:10:19Z","level":"INFO","component":"database","podId":"-","env":"-","requestId":"dra-sb.pok.stglabs.ibm.com-20251004-125519","file":"db_health_checker.go","function":"StartDBHealthTicker","line":28,"message":"postgres healthy ✅"}
{"timestamp":"2025-10-04T17:10:19Z","level":"INFO","component":"database","podId":"-","env":"-","requestId":"dra-sb.pok.stglabs.ibm.com-20251004-125519","file":"db_health_checker.go","function":"StartDBHealthTicker","line":28,"message":"mongo healthy ✅"}
{"timestamp":"2025-10-04T17:15:19Z","level":"INFO","component":"database","podId":"-","env":"-","requestId":"dra-sb.pok.stglabs.ibm.com-20251004-125519","file":"db_health_checker.go","function":"StartDBHealthTicker","line":28,"message":"opensearch healthy ✅"}
{"timestamp":"2025-10-04T17:15:19Z","level":"INFO","component":"database","podId":"-","env":"-","requestId":"dra-sb.pok.stglabs.ibm.com-20251004-125519","file":"db_health_checker.go","function":"StartDBHealthTicker","line":28,"message":"minio healthy ✅"}
{"timestamp":"2025-10-04T17:15:19Z","level":"INFO","component":"database","podId":"-","env":"-","requestId":"dra-sb.pok.stglabs.ibm.com-20251004-125519","file":"db_health_checker.go","function":"StartDBHealthTicker","line":28,"message":"postgres healthy ✅"}
{"timestamp":"2025-10-04T17:15:19Z","level":"INFO","component":"database","podId":"-","env":"-","requestId":"dra-sb.pok.stglabs.ibm.com-20251004-125519","file":"db_health_checker.go","function":"StartDBHealthTicker","line":28,"message":"mongo healthy ✅"}
{"timestamp":"2025-10-04T17:15:19Z","level":"INFO","component":"database","podId":"-","env":"-","requestId":"dra-sb.pok.stglabs.ibm.com-20251004-125519","file":"db_health_checker.go","function":"StartDBHealthTicker","line":28,"message":"redis healthy ✅"}
{"timestamp":"2025-10-04T17:20:19Z","level":"INFO","component":"database","podId":"-","env":"-","requestId":"dra-sb.pok.stglabs.ibm.com-20251004-125519","file":"db_health_checker.go","function":"StartDBHealthTicker","line":28,"message":"mongo healthy ✅"}
{"timestamp":"2025-10-04T17:20:19Z","level":"INFO","component":"database","podId":"-","env":"-","requestId":"dra-sb.pok.stglabs.ibm.com-20251004-125519","file":"db_health_checker.go","function":"StartDBHealthTicker","line":28,"message":"redis healthy ✅"}
{"timestamp":"2025-10-04T17:20:19Z","level":"INFO","component":"database","podId":"-","env":"-","requestId":"dra-sb.pok.stglabs.ibm.com-20251004-125519","file":"db_health_checker.go","function":"StartDBHealthTicker","line":28,"message":"opensearch healthy ✅"}
{"timestamp":"2025-10-04T17:20:19Z","level":"INFO","component":"database","podId":"-","env":"-","requestId":"dra-sb.pok.stglabs.ibm.com-20251004-125519","file":"db_health_checker.go","function":"StartDBHealthTicker","line":28,"message":"minio healthy ✅"}
{"timestamp":"2025-10-04T17:20:19Z","level":"INFO","component":"database","podId":"-","env":"-","requestId":"dra-sb.pok.stglabs.ibm.com-20251004-125519","file":"db_health_checker.go","function":"StartDBHealthTicker","line":28,"message":"postgres healthy ✅"}
{"timestamp":"2025-10-04T17:25:19Z","level":"INFO","component":"database","podId":"-","env":"-","requestId":"dra-sb.pok.stglabs.ibm.com-20251004-125519","file":"db_health_checker.go","function":"StartDBHealthTicker","line":28,"message":"redis healthy ✅"}
{"timestamp":"2025-10-04T17:25:19Z","level":"INFO","component":"database","podId":"-","env":"-","requestId":"dra-sb.pok.stglabs.ibm.com-20251004-125519","file":"db_health_checker.go","function":"StartDBHealthTicker","line":28,"message":"opensearch healthy ✅"}
{"timestamp":"2025-10-04T17:25:19Z","level":"INFO","component":"database","podId":"-","env":"-","requestId":"dra-sb.pok.stglabs.ibm.com-20251004-125519","file":"db_health_checker.go","function":"StartDBHealthTicker","line":28,"message":"minio healthy ✅"}
{"timestamp":"2025-10-04T17:25:19Z","level":"INFO","component":"database","podId":"-","env":"-","requestId":"dra-sb.pok.stglabs.ibm.com-20251004-125519","file":"db_health_checker.go","function":"StartDBHealthTicker","line":28,"message":"postgres healthy ✅"}
{"timestamp":"2025-10-04T17:25:19Z","level":"INFO","component":"database","podId":"-","env":"-","requestId":"dra-sb.pok.stglabs.ibm.com-20251004-125519","file":"db_health_checker.go","function":"StartDBHealthTicker","line":28,"message":"mongo healthy ✅"}
{"timestamp":"2025-10-04T17:30:19Z","level":"INFO","component":"database","podId":"-","env":"-","requestId":"dra-sb.pok.stglabs.ibm.com-20251004-125519","file":"db_health_checker.go","function":"StartDBHealthTicker","line":28,"message":"redis healthy ✅"}
{"timestamp":"2025-10-04T17:30:19Z","level":"INFO","component":"database","podId":"-","env":"-","requestId":"dra-sb.pok.stglabs.ibm.com-20251004-125519","file":"db_health_checker.go","function":"StartDBHealthTicker","line":28,"message":"opensearch healthy ✅"}
{"timestamp":"2025-10-04T17:30:19Z","level":"INFO","component":"database","podId":"-","env":"-","requestId":"dra-sb.pok.stglabs.ibm.com-20251004-125519","file":"db_health_checker.go","function":"StartDBHealthTicker","line":28,"message":"minio healthy ✅"}
{"timestamp":"2025-10-04T17:30:19Z","level":"INFO","component":"database","podId":"-","env":"-","requestId":"dra-sb.pok.stglabs.ibm.com-20251004-125519","file":"db_health_checker.go","function":"StartDBHealthTicker","line":28,"message":"postgres healthy ✅"}
{"timestamp":"2025-10-04T17:30:19Z","level":"INFO","component":"database","podId":"-","env":"-","requestId":"dra-sb.pok.stglabs.ibm.com-20251004-125519","file":"db_health_checker.go","function":"StartDBHealthTicker","line":28,"message":"mongo healthy ✅"}
{"timestamp":"2025-10-04T17:35:19Z","level":"INFO","component":"database","podId":"-","env":"-","requestId":"dra-sb.pok.stglabs.ibm.com-20251004-125519","file":"db_health_checker.go","function":"StartDBHealthTicker","line":28,"message":"redis healthy ✅"}
{"timestamp":"2025-10-04T17:35:19Z","level":"INFO","component":"database","podId":"-","env":"-","requestId":"dra-sb.pok.stglabs.ibm.com-20251004-125519","file":"db_health_checker.go","function":"StartDBHealthTicker","line":28,"message":"opensearch healthy ✅"}
{"timestamp":"2025-10-04T17:35:19Z","level":"INFO","component":"database","podId":"-","env":"-","requestId":"dra-sb.pok.stglabs.ibm.com-20251004-125519","file":"db_health_checker.go","function":"StartDBHealthTicker","line":28,"message":"minio healthy ✅"}
{"timestamp":"2025-10-04T17:35:19Z","level":"INFO","component":"database","podId":"-","env":"-","requestId":"dra-sb.pok.stglabs.ibm.com-20251004-125519","file":"db_health_checker.go","function":"StartDBHealthTicker","line":28,"message":"postgres healthy ✅"}
{"timestamp":"2025-10-04T17:35:19Z","level":"INFO","component":"database","podId":"-","env":"-","requestId":"dra-sb.pok.stglabs.ibm.com-20251004-125519","file":"db_health_checker.go","function":"StartDBHealthTicker","line":28,"message":"mongo healthy ✅"}
{"timestamp":"2025-10-04T17:40:19Z","level":"INFO","component":"database","podId":"-","env":"-","requestId":"dra-sb.pok.stglabs.ibm.com-20251004-125519","file":"db_health_checker.go","function":"StartDBHealthTicker","line":28,"message":"mongo healthy ✅"}
{"timestamp":"2025-10-04T17:40:19Z","level":"INFO","component":"database","podId":"-","env":"-","requestId":"dra-sb.pok.stglabs.ibm.com-20251004-125519","file":"db_health_checker.go","function":"StartDBHealthTicker","line":28,"message":"redis healthy ✅"}
{"timestamp":"2025-10-04T17:40:19Z","level":"INFO","component":"database","podId":"-","env":"-","requestId":"dra-sb.pok.stglabs.ibm.com-20251004-125519","file":"db_health_checker.go","function":"StartDBHealthTicker","line":28,"message":"opensearch healthy ✅"}
{"timestamp":"2025-10-04T17:40:19Z","level":"INFO","component":"database","podId":"-","env":"-","requestId":"dra-sb.pok.stglabs.ibm.com-20251004-125519","file":"db_health_checker.go","function":"StartDBHealthTicker","line":28,"message":"minio healthy ✅"}
{"timestamp":"2025-10-04T17:40:19Z","level":"INFO","component":"database","podId":"-","env":"-","requestId":"dra-sb.pok.stglabs.ibm.com-20251004-125519","file":"db_health_checker.go","function":"StartDBHealthTicker","line":28,"message":"postgres healthy ✅"}
{"timestamp":"2025-10-04T17:45:19Z","level":"INFO","component":"database","podId":"-","env":"-","requestId":"dra-sb.pok.stglabs.ibm.com-20251004-125519","file":"db_health_checker.go","function":"StartDBHealthTicker","line":28,"message":"postgres healthy ✅"}
{"timestamp":"2025-10-04T17:45:19Z","level":"INFO","component":"database","podId":"-","env":"-","requestId":"dra-sb.pok.stglabs.ibm.com-20251004-125519","file":"db_health_checker.go","function":"StartDBHealthTicker","line":28,"message":"mongo healthy ✅"}
{"timestamp":"2025-10-04T17:45:19Z","level":"INFO","component":"database","podId":"-","env":"-","requestId":"dra-sb.pok.stglabs.ibm.com-20251004-125519","file":"db_health_checker.go","function":"StartDBHealthTicker","line":28,"message":"redis healthy ✅"}
{"timestamp":"2025-10-04T17:45:19Z","level":"INFO","component":"database","podId":"-","env":"-","requestId":"dra-sb.pok.stglabs.ibm.com-20251004-125519","file":"db_health_checker.go","function":"StartDBHealthTicker","line":28,"message":"opensearch healthy ✅"}
{"timestamp":"2025-10-04T17:45:19Z","level":"INFO","component":"database","podId":"-","env":"-","requestId":"dra-sb.pok.stglabs.ibm.com-20251004-125519","file":"db_health_checker.go","function":"StartDBHealthTicker","line":28,"message":"minio healthy ✅"}
{"timestamp":"2025-10-04T17:50:19Z","level":"INFO","component":"database","podId":"-","env":"-","requestId":"dra-sb.pok.stglabs.ibm.com-20251004-125519","file":"db_health_checker.go","function":"StartDBHealthTicker","line":28,"message":"postgres healthy ✅"}
{"timestamp":"2025-10-04T17:50:19Z","level":"INFO","component":"database","podId":"-","env":"-","requestId":"dra-sb.pok.stglabs.ibm.com-20251004-125519","file":"db_health_checker.go","function":"StartDBHealthTicker","line":28,"message":"mongo healthy ✅"}
{"timestamp":"2025-10-04T17:50:19Z","level":"INFO","component":"database","podId":"-","env":"-","requestId":"dra-sb.pok.stglabs.ibm.com-20251004-125519","file":"db_health_checker.go","function":"StartDBHealthTicker","line":28,"message":"redis healthy ✅"}
{"timestamp":"2025-10-04T17:50:19Z","level":"INFO","component":"database","podId":"-","env":"-","requestId":"dra-sb.pok.stglabs.ibm.com-20251004-125519","file":"db_health_checker.go","function":"StartDBHealthTicker","line":28,"message":"opensearch healthy ✅"}
{"timestamp":"2025-10-04T17:50:19Z","level":"INFO","component":"database","podId":"-","env":"-","requestId":"dra-sb.pok.stglabs.ibm.com-20251004-125519","file":"db_health_checker.go","function":"StartDBHealthTicker","line":28,"message":"minio healthy ✅"}
{"timestamp":"2025-10-04T17:55:19Z","level":"INFO","component":"database","podId":"-","env":"-","requestId":"dra-sb.pok.stglabs.ibm.com-20251004-125519","file":"db_health_checker.go","function":"StartDBHealthTicker","line":28,"message":"opensearch healthy ✅"}
{"timestamp":"2025-10-04T17:55:19Z","level":"INFO","component":"database","podId":"-","env":"-","requestId":"dra-sb.pok.stglabs.ibm.com-20251004-125519","file":"db_health_checker.go","function":"StartDBHealthTicker","line":28,"message":"minio healthy ✅"}
{"timestamp":"2025-10-04T17:55:19Z","level":"INFO","component":"database","podId":"-","env":"-","requestId":"dra-sb.pok.stglabs.ibm.com-20251004-125519","file":"db_health_checker.go","function":"StartDBHealthTicker","line":28,"message":"postgres healthy ✅"}
{"timestamp":"2025-10-04T17:55:19Z","level":"INFO","component":"database","podId":"-","env":"-","requestId":"dra-sb.pok.stglabs.ibm.com-20251004-125519","file":"db_health_checker.go","function":"StartDBHealthTicker","line":28,"message":"mongo healthy ✅"}
{"timestamp":"2025-10-04T17:55:19Z","level":"INFO","component":"database","podId":"-","env":"-","requestId":"dra-sb.pok.stglabs.ibm.com-20251004-125519","file":"db_health_checker.go","function":"StartDBHealthTicker","line":28,"message":"redis healthy ✅"}
{"timestamp":"2025-10-04T18:00:19Z","level":"INFO","component":"database","podId":"-","env":"-","requestId":"dra-sb.pok.stglabs.ibm.com-20251004-125519","file":"db_health_checker.go","function":"StartDBHealthTicker","line":28,"message":"postgres healthy ✅"}
{"timestamp":"2025-10-04T18:00:19Z","level":"INFO","component":"database","podId":"-","env":"-","requestId":"dra-sb.pok.stglabs.ibm.com-20251004-125519","file":"db_health_checker.go","function":"StartDBHealthTicker","line":28,"message":"mongo healthy ✅"}
{"timestamp":"2025-10-04T18:00:19Z","level":"INFO","component":"database","podId":"-","env":"-","requestId":"dra-sb.pok.stglabs.ibm.com-20251004-125519","file":"db_health_checker.go","function":"StartDBHealthTicker","line":28,"message":"redis healthy ✅"}
{"timestamp":"2025-10-04T18:00:19Z","level":"INFO","component":"database","podId":"-","env":"-","requestId":"dra-sb.pok.stglabs.ibm.com-20251004-125519","file":"db_health_checker.go","function":"StartDBHealthTicker","line":28,"message":"opensearch healthy ✅"}
{"timestamp":"2025-10-04T18:00:19Z","level":"INFO","component":"database","podId":"-","env":"-","requestId":"dra-sb.pok.stglabs.ibm.com-20251004-125519","file":"db_health_checker.go","function":"StartDBHealthTicker","line":28,"message":"minio healthy ✅"}
{"timestamp":"2025-10-04T18:05:19Z","level":"INFO","component":"database","podId":"-","env":"-","requestId":"dra-sb.pok.stglabs.ibm.com-20251004-125519","file":"db_health_checker.go","function":"StartDBHealthTicker","line":28,"message":"postgres healthy ✅"}
{"timestamp":"2025-10-04T18:05:19Z","level":"INFO","component":"database","podId":"-","env":"-","requestId":"dra-sb.pok.stglabs.ibm.com-20251004-125519","file":"db_health_checker.go","function":"StartDBHealthTicker","line":28,"message":"mongo healthy ✅"}
{"timestamp":"2025-10-04T18:05:19Z","level":"INFO","component":"database","podId":"-","env":"-","requestId":"dra-sb.pok.stglabs.ibm.com-20251004-125519","file":"db_health_checker.go","function":"StartDBHealthTicker","line":28,"message":"redis healthy ✅"}
{"timestamp":"2025-10-04T18:05:19Z","level":"INFO","component":"database","podId":"-","env":"-","requestId":"dra-sb.pok.stglabs.ibm.com-20251004-125519","file":"db_health_checker.go","function":"StartDBHealthTicker","line":28,"message":"opensearch healthy ✅"}
{"timestamp":"2025-10-04T18:05:19Z","level":"INFO","component":"database","podId":"-","env":"-","requestId":"dra-sb.pok.stglabs.ibm.com-20251004-125519","file":"db_health_checker.go","function":"StartDBHealthTicker","line":28,"message":"minio healthy ✅"}
{"timestamp":"2025-10-04T18:10:19Z","level":"INFO","component":"database","podId":"-","env":"-","requestId":"dra-sb.pok.stglabs.ibm.com-20251004-125519","file":"db_health_checker.go","function":"StartDBHealthTicker","line":28,"message":"minio healthy ✅"}
{"timestamp":"2025-10-04T18:10:19Z","level":"INFO","component":"database","podId":"-","env":"-","requestId":"dra-sb.pok.stglabs.ibm.com-20251004-125519","file":"db_health_checker.go","function":"StartDBHealthTicker","line":28,"message":"postgres healthy ✅"}
{"timestamp":"2025-10-04T18:10:19Z","level":"INFO","component":"database","podId":"-","env":"-","requestId":"dra-sb.pok.stglabs.ibm.com-20251004-125519","file":"db_health_checker.go","function":"StartDBHealthTicker","line":28,"message":"mongo healthy ✅"}
{"timestamp":"2025-10-04T18:10:19Z","level":"INFO","component":"database","podId":"-","env":"-","requestId":"dra-sb.pok.stglabs.ibm.com-20251004-125519","file":"db_health_checker.go","function":"StartDBHealthTicker","line":28,"message":"redis healthy ✅"}
{"timestamp":"2025-10-04T18:10:19Z","level":"INFO","component":"database","podId":"-","env":"-","requestId":"dra-sb.pok.stglabs.ibm.com-20251004-125519","file":"db_health_checker.go","function":"StartDBHealthTicker","line":28,"message":"opensearch healthy ✅"}
{"timestamp":"2025-10-04T18:15:19Z","level":"INFO","component":"database","podId":"-","env":"-","requestId":"dra-sb.pok.stglabs.ibm.com-20251004-125519","file":"db_health_checker.go","function":"StartDBHealthTicker","line":28,"message":"minio healthy ✅"}
{"timestamp":"2025-10-04T18:15:19Z","level":"INFO","component":"database","podId":"-","env":"-","requestId":"dra-sb.pok.stglabs.ibm.com-20251004-125519","file":"db_health_checker.go","function":"StartDBHealthTicker","line":28,"message":"postgres healthy ✅"}
{"timestamp":"2025-10-04T18:15:19Z","level":"INFO","component":"database","podId":"-","env":"-","requestId":"dra-sb.pok.stglabs.ibm.com-20251004-125519","file":"db_health_checker.go","function":"StartDBHealthTicker","line":28,"message":"mongo healthy ✅"}
{"timestamp":"2025-10-04T18:15:19Z","level":"INFO","component":"database","podId":"-","env":"-","requestId":"dra-sb.pok.stglabs.ibm.com-20251004-125519","file":"db_health_checker.go","function":"StartDBHealthTicker","line":28,"message":"redis healthy ✅"}
{"timestamp":"2025-10-04T18:15:19Z","level":"INFO","component":"database","podId":"-","env":"-","requestId":"dra-sb.pok.stglabs.ibm.com-20251004-125519","file":"db_health_checker.go","function":"StartDBHealthTicker","line":28,"message":"opensearch healthy ✅"}
{"timestamp":"2025-10-04T18:20:19Z","level":"INFO","component":"database","podId":"-","env":"-","requestId":"dra-sb.pok.stglabs.ibm.com-20251004-125519","file":"db_health_checker.go","function":"StartDBHealthTicker","line":28,"message":"redis healthy ✅"}
{"timestamp":"2025-10-04T18:20:19Z","level":"INFO","component":"database","podId":"-","env":"-","requestId":"dra-sb.pok.stglabs.ibm.com-20251004-125519","file":"db_health_checker.go","function":"StartDBHealthTicker","line":28,"message":"opensearch healthy ✅"}
{"timestamp":"2025-10-04T18:20:19Z","level":"INFO","component":"database","podId":"-","env":"-","requestId":"dra-sb.pok.stglabs.ibm.com-20251004-125519","file":"db_health_checker.go","function":"StartDBHealthTicker","line":28,"message":"minio healthy ✅"}
{"timestamp":"2025-10-04T18:20:19Z","level":"INFO","component":"database","podId":"-","env":"-","requestId":"dra-sb.pok.stglabs.ibm.com-20251004-125519","file":"db_health_checker.go","function":"StartDBHealthTicker","line":28,"message":"postgres healthy ✅"}
{"timestamp":"2025-10-04T18:20:19Z","level":"INFO","component":"database","podId":"-","env":"-","requestId":"dra-sb.pok.stglabs.ibm.com-20251004-125519","file":"db_health_checker.go","function":"StartDBHealthTicker","line":28,"message":"mongo healthy ✅"}
{"timestamp":"2025-10-04T18:25:19Z","level":"INFO","component":"database","podId":"-","env":"-","requestId":"dra-sb.pok.stglabs.ibm.com-20251004-125519","file":"db_health_checker.go","function":"StartDBHealthTicker","line":28,"message":"opensearch healthy ✅"}
{"timestamp":"2025-10-04T18:25:19Z","level":"INFO","component":"database","podId":"-","env":"-","requestId":"dra-sb.pok.stglabs.ibm.com-20251004-125519","file":"db_health_checker.go","function":"StartDBHealthTicker","line":28,"message":"minio healthy ✅"}
{"timestamp":"2025-10-04T18:25:19Z","level":"INFO","component":"database","podId":"-","env":"-","requestId":"dra-sb.pok.stglabs.ibm.com-20251004-125519","file":"db_health_checker.go","function":"StartDBHealthTicker","line":28,"message":"postgres healthy ✅"}
{"timestamp":"2025-10-04T18:25:19Z","level":"INFO","component":"database","podId":"-","env":"-","requestId":"dra-sb.pok.stglabs.ibm.com-20251004-125519","file":"db_health_checker.go","function":"StartDBHealthTicker","line":28,"message":"mongo healthy ✅"}
{"timestamp":"2025-10-04T18:25:19Z","level":"INFO","component":"database","podId":"-","env":"-","requestId":"dra-sb.pok.stglabs.ibm.com-20251004-125519","file":"db_health_checker.go","function":"StartDBHealthTicker","line":28,"message":"redis healthy ✅"}
{"timestamp":"2025-10-04T18:30:19Z","level":"INFO","component":"database","podId":"-","env":"-","requestId":"dra-sb.pok.stglabs.ibm.com-20251004-125519","file":"db_health_checker.go","function":"StartDBHealthTicker","line":28,"message":"minio healthy ✅"}
{"timestamp":"2025-10-04T18:30:19Z","level":"INFO","component":"database","podId":"-","env":"-","requestId":"dra-sb.pok.stglabs.ibm.com-20251004-125519","file":"db_health_checker.go","function":"StartDBHealthTicker","line":28,"message":"postgres healthy ✅"}
{"timestamp":"2025-10-04T18:30:19Z","level":"INFO","component":"database","podId":"-","env":"-","requestId":"dra-sb.pok.stglabs.ibm.com-20251004-125519","file":"db_health_checker.go","function":"StartDBHealthTicker","line":28,"message":"mongo healthy ✅"}
{"timestamp":"2025-10-04T18:30:19Z","level":"INFO","component":"database","podId":"-","env":"-","requestId":"dra-sb.pok.stglabs.ibm.com-20251004-125519","file":"db_health_checker.go","function":"StartDBHealthTicker","line":28,"message":"redis healthy ✅"}
{"timestamp":"2025-10-04T18:30:19Z","level":"INFO","component":"database","podId":"-","env":"-","requestId":"dra-sb.pok.stglabs.ibm.com-20251004-125519","file":"db_health_checker.go","function":"StartDBHealthTicker","line":28,"message":"opensearch healthy ✅"}
{"timestamp":"2025-10-04T18:35:19Z","level":"INFO","component":"database","podId":"-","env":"-","requestId":"dra-sb.pok.stglabs.ibm.com-20251004-125519","file":"db_health_checker.go","function":"StartDBHealthTicker","line":28,"message":"postgres healthy ✅"}
{"timestamp":"2025-10-04T18:35:19Z","level":"INFO","component":"database","podId":"-","env":"-","requestId":"dra-sb.pok.stglabs.ibm.com-20251004-125519","file":"db_health_checker.go","function":"StartDBHealthTicker","line":28,"message":"mongo healthy ✅"}
{"timestamp":"2025-10-04T18:35:19Z","level":"INFO","component":"database","podId":"-","env":"-","requestId":"dra-sb.pok.stglabs.ibm.com-20251004-125519","file":"db_health_checker.go","function":"StartDBHealthTicker","line":28,"message":"redis healthy ✅"}
{"timestamp":"2025-10-04T18:35:19Z","level":"INFO","component":"database","podId":"-","env":"-","requestId":"dra-sb.pok.stglabs.ibm.com-20251004-125519","file":"db_health_checker.go","function":"StartDBHealthTicker","line":28,"message":"opensearch healthy ✅"}
{"timestamp":"2025-10-04T18:35:19Z","level":"INFO","component":"database","podId":"-","env":"-","requestId":"dra-sb.pok.stglabs.ibm.com-20251004-125519","file":"db_health_checker.go","function":"StartDBHealthTicker","line":28,"message":"minio healthy ✅"}
{"timestamp":"2025-10-04T18:40:19Z","level":"INFO","component":"database","podId":"-","env":"-","requestId":"dra-sb.pok.stglabs.ibm.com-20251004-125519","file":"db_health_checker.go","function":"StartDBHealthTicker","line":28,"message":"minio healthy ✅"}
{"timestamp":"2025-10-04T18:40:19Z","level":"INFO","component":"database","podId":"-","env":"-","requestId":"dra-sb.pok.stglabs.ibm.com-20251004-125519","file":"db_health_checker.go","function":"StartDBHealthTicker","line":28,"message":"postgres healthy ✅"}
{"timestamp":"2025-10-04T18:40:19Z","level":"INFO","component":"database","podId":"-","env":"-","requestId":"dra-sb.pok.stglabs.ibm.com-20251004-125519","file":"db_health_checker.go","function":"StartDBHealthTicker","line":28,"message":"mongo healthy ✅"}
{"timestamp":"2025-10-04T18:40:19Z","level":"INFO","component":"database","podId":"-","env":"-","requestId":"dra-sb.pok.stglabs.ibm.com-20251004-125519","file":"db_health_checker.go","function":"StartDBHealthTicker","line":28,"message":"redis healthy ✅"}
{"timestamp":"2025-10-04T18:40:19Z","level":"INFO","component":"database","podId":"-","env":"-","requestId":"dra-sb.pok.stglabs.ibm.com-20251004-125519","file":"db_health_checker.go","function":"StartDBHealthTicker","line":28,"message":"opensearch healthy ✅"}
{"timestamp":"2025-10-04T18:45:19Z","level":"INFO","component":"database","podId":"-","env":"-","requestId":"dra-sb.pok.stglabs.ibm.com-20251004-125519","file":"db_health_checker.go","function":"StartDBHealthTicker","line":28,"message":"opensearch healthy ✅"}
{"timestamp":"2025-10-04T18:45:19Z","level":"INFO","component":"database","podId":"-","env":"-","requestId":"dra-sb.pok.stglabs.ibm.com-20251004-125519","file":"db_health_checker.go","function":"StartDBHealthTicker","line":28,"message":"minio healthy ✅"}
{"timestamp":"2025-10-04T18:45:19Z","level":"INFO","component":"database","podId":"-","env":"-","requestId":"dra-sb.pok.stglabs.ibm.com-20251004-125519","file":"db_health_checker.go","function":"StartDBHealthTicker","line":28,"message":"postgres healthy ✅"}
{"timestamp":"2025-10-04T18:45:19Z","level":"INFO","component":"database","podId":"-","env":"-","requestId":"dra-sb.pok.stglabs.ibm.com-20251004-125519","file":"db_health_checker.go","function":"StartDBHealthTicker","line":28,"message":"mongo healthy ✅"}
{"timestamp":"2025-10-04T18:45:19Z","level":"INFO","component":"database","podId":"-","env":"-","requestId":"dra-sb.pok.stglabs.ibm.com-20251004-125519","file":"db_health_checker.go","function":"StartDBHealthTicker","line":28,"message":"redis healthy ✅"}
{"timestamp":"2025-10-04T18:50:19Z","level":"INFO","component":"database","podId":"-","env":"-","requestId":"dra-sb.pok.stglabs.ibm.com-20251004-125519","file":"db_health_checker.go","function":"StartDBHealthTicker","line":28,"message":"postgres healthy ✅"}
{"timestamp":"2025-10-04T18:50:19Z","level":"INFO","component":"database","podId":"-","env":"-","requestId":"dra-sb.pok.stglabs.ibm.com-20251004-125519","file":"db_health_checker.go","function":"StartDBHealthTicker","line":28,"message":"mongo healthy ✅"}
{"timestamp":"2025-10-04T18:50:19Z","level":"INFO","component":"database","podId":"-","env":"-","requestId":"dra-sb.pok.stglabs.ibm.com-20251004-125519","file":"db_health_checker.go","function":"StartDBHealthTicker","line":28,"message":"redis healthy ✅"}
{"timestamp":"2025-10-04T18:50:19Z","level":"INFO","component":"database","podId":"-","env":"-","requestId":"dra-sb.pok.stglabs.ibm.com-20251004-125519","file":"db_health_checker.go","function":"StartDBHealthTicker","line":28,"message":"opensearch healthy ✅"}
{"timestamp":"2025-10-04T18:50:19Z","level":"INFO","component":"database","podId":"-","env":"-","requestId":"dra-sb.pok.stglabs.ibm.com-20251004-125519","file":"db_health_checker.go","function":"StartDBHealthTicker","line":28,"message":"minio healthy ✅"}
{"timestamp":"2025-10-04T18:55:19Z","level":"INFO","component":"database","podId":"-","env":"-","requestId":"dra-sb.pok.stglabs.ibm.com-20251004-125519","file":"db_health_checker.go","function":"StartDBHealthTicker","line":28,"message":"minio healthy ✅"}
{"timestamp":"2025-10-04T18:55:19Z","level":"INFO","component":"database","podId":"-","env":"-","requestId":"dra-sb.pok.stglabs.ibm.com-20251004-125519","file":"db_health_checker.go","function":"StartDBHealthTicker","line":28,"message":"postgres healthy ✅"}
{"timestamp":"2025-10-04T18:55:19Z","level":"INFO","component":"database","podId":"-","env":"-","requestId":"dra-sb.pok.stglabs.ibm.com-20251004-125519","file":"db_health_checker.go","function":"StartDBHealthTicker","line":28,"message":"mongo healthy ✅"}
{"timestamp":"2025-10-04T18:55:19Z","level":"INFO","component":"database","podId":"-","env":"-","requestId":"dra-sb.pok.stglabs.ibm.com-20251004-125519","file":"db_health_checker.go","function":"StartDBHealthTicker","line":28,"message":"redis healthy ✅"}
{"timestamp":"2025-10-04T18:55:19Z","level":"INFO","component":"database","podId":"-","env":"-","requestId":"dra-sb.pok.stglabs.ibm.com-20251004-125519","file":"db_health_checker.go","function":"StartDBHealthTicker","line":28,"message":"opensearch healthy ✅"}
{"timestamp":"2025-10-04T19:00:19Z","level":"INFO","component":"database","podId":"-","env":"-","requestId":"dra-sb.pok.stglabs.ibm.com-20251004-125519","file":"db_health_checker.go","function":"StartDBHealthTicker","line":28,"message":"postgres healthy ✅"}
{"timestamp":"2025-10-04T19:00:19Z","level":"INFO","component":"database","podId":"-","env":"-","requestId":"dra-sb.pok.stglabs.ibm.com-20251004-125519","file":"db_health_checker.go","function":"StartDBHealthTicker","line":28,"message":"mongo healthy ✅"}
{"timestamp":"2025-10-04T19:00:19Z","level":"INFO","component":"database","podId":"-","env":"-","requestId":"dra-sb.pok.stglabs.ibm.com-20251004-125519","file":"db_health_checker.go","function":"StartDBHealthTicker","line":28,"message":"redis healthy ✅"}
{"timestamp":"2025-10-04T19:00:19Z","level":"INFO","component":"database","podId":"-","env":"-","requestId":"dra-sb.pok.stglabs.ibm.com-20251004-125519","file":"db_health_checker.go","function":"StartDBHealthTicker","line":28,"message":"opensearch healthy ✅"}
{"timestamp":"2025-10-04T19:00:19Z","level":"INFO","component":"database","podId":"-","env":"-","requestId":"dra-sb.pok.stglabs.ibm.com-20251004-125519","file":"db_health_checker.go","function":"StartDBHealthTicker","line":28,"message":"minio healthy ✅"}
{"timestamp":"2025-10-04T19:05:19Z","level":"INFO","component":"database","podId":"-","env":"-","requestId":"dra-sb.pok.stglabs.ibm.com-20251004-125519","file":"db_health_checker.go","function":"StartDBHealthTicker","line":28,"message":"postgres healthy ✅"}
{"timestamp":"2025-10-04T19:05:19Z","level":"INFO","component":"database","podId":"-","env":"-","requestId":"dra-sb.pok.stglabs.ibm.com-20251004-125519","file":"db_health_checker.go","function":"StartDBHealthTicker","line":28,"message":"mongo healthy ✅"}
{"timestamp":"2025-10-04T19:05:19Z","level":"INFO","component":"database","podId":"-","env":"-","requestId":"dra-sb.pok.stglabs.ibm.com-20251004-125519","file":"db_health_checker.go","function":"StartDBHealthTicker","line":28,"message":"redis healthy ✅"}
{"timestamp":"2025-10-04T19:05:19Z","level":"INFO","component":"database","podId":"-","env":"-","requestId":"dra-sb.pok.stglabs.ibm.com-20251004-125519","file":"db_health_checker.go","function":"StartDBHealthTicker","line":28,"message":"opensearch healthy ✅"}
{"timestamp":"2025-10-04T19:05:19Z","level":"INFO","component":"database","podId":"-","env":"-","requestId":"dra-sb.pok.stglabs.ibm.com-20251004-125519","file":"db_health_checker.go","function":"StartDBHealthTicker","line":28,"message":"minio healthy ✅"}
{"timestamp":"2025-10-04T19:10:19Z","level":"INFO","component":"database","podId":"-","env":"-","requestId":"dra-sb.pok.stglabs.ibm.com-20251004-125519","file":"db_health_checker.go","function":"StartDBHealthTicker","line":28,"message":"postgres healthy ✅"}
{"timestamp":"2025-10-04T19:10:19Z","level":"INFO","component":"database","podId":"-","env":"-","requestId":"dra-sb.pok.stglabs.ibm.com-20251004-125519","file":"db_health_checker.go","function":"StartDBHealthTicker","line":28,"message":"mongo healthy ✅"}
{"timestamp":"2025-10-04T19:10:19Z","level":"INFO","component":"database","podId":"-","env":"-","requestId":"dra-sb.pok.stglabs.ibm.com-20251004-125519","file":"db_health_checker.go","function":"StartDBHealthTicker","line":28,"message":"redis healthy ✅"}
{"timestamp":"2025-10-04T19:10:19Z","level":"INFO","component":"database","podId":"-","env":"-","requestId":"dra-sb.pok.stglabs.ibm.com-20251004-125519","file":"db_health_checker.go","function":"StartDBHealthTicker","line":28,"message":"opensearch healthy ✅"}
{"timestamp":"2025-10-04T19:10:19Z","level":"INFO","component":"database","podId":"-","env":"-","requestId":"dra-sb.pok.stglabs.ibm.com-20251004-125519","file":"db_health_checker.go","function":"StartDBHealthTicker","line":28,"message":"minio healthy ✅"}
{"timestamp":"2025-10-04T19:15:19Z","level":"INFO","component":"database","podId":"-","env":"-","requestId":"dra-sb.pok.stglabs.ibm.com-20251004-125519","file":"db_health_checker.go","function":"StartDBHealthTicker","line":28,"message":"opensearch healthy ✅"}
{"timestamp":"2025-10-04T19:15:19Z","level":"INFO","component":"database","podId":"-","env":"-","requestId":"dra-sb.pok.stglabs.ibm.com-20251004-125519","file":"db_health_checker.go","function":"StartDBHealthTicker","line":28,"message":"minio healthy ✅"}
{"timestamp":"2025-10-04T19:15:19Z","level":"INFO","component":"database","podId":"-","env":"-","requestId":"dra-sb.pok.stglabs.ibm.com-20251004-125519","file":"db_health_checker.go","function":"StartDBHealthTicker","line":28,"message":"postgres healthy ✅"}
{"timestamp":"2025-10-04T19:15:19Z","level":"INFO","component":"database","podId":"-","env":"-","requestId":"dra-sb.pok.stglabs.ibm.com-20251004-125519","file":"db_health_checker.go","function":"StartDBHealthTicker","line":28,"message":"mongo healthy ✅"}
{"timestamp":"2025-10-04T19:15:19Z","level":"INFO","component":"database","podId":"-","env":"-","requestId":"dra-sb.pok.stglabs.ibm.com-20251004-125519","file":"db_health_checker.go","function":"StartDBHealthTicker","line":28,"message":"redis healthy ✅"}
{"timestamp":"2025-10-04T19:20:19Z","level":"INFO","component":"database","podId":"-","env":"-","requestId":"dra-sb.pok.stglabs.ibm.com-20251004-125519","file":"db_health_checker.go","function":"StartDBHealthTicker","line":28,"message":"minio healthy ✅"}
{"timestamp":"2025-10-04T19:20:19Z","level":"INFO","component":"database","podId":"-","env":"-","requestId":"dra-sb.pok.stglabs.ibm.com-20251004-125519","file":"db_health_checker.go","function":"StartDBHealthTicker","line":28,"message":"postgres healthy ✅"}
{"timestamp":"2025-10-04T19:20:19Z","level":"INFO","component":"database","podId":"-","env":"-","requestId":"dra-sb.pok.stglabs.ibm.com-20251004-125519","file":"db_health_checker.go","function":"StartDBHealthTicker","line":28,"message":"mongo healthy ✅"}
{"timestamp":"2025-10-04T19:20:19Z","level":"INFO","component":"database","podId":"-","env":"-","requestId":"dra-sb.pok.stglabs.ibm.com-20251004-125519","file":"db_health_checker.go","function":"StartDBHealthTicker","line":28,"message":"redis healthy ✅"}
{"timestamp":"2025-10-04T19:20:19Z","level":"INFO","component":"database","podId":"-","env":"-","requestId":"dra-sb.pok.stglabs.ibm.com-20251004-125519","file":"db_health_checker.go","function":"StartDBHealthTicker","line":28,"message":"opensearch healthy ✅"}
{"timestamp":"2025-10-04T19:25:19Z","level":"INFO","component":"database","podId":"-","env":"-","requestId":"dra-sb.pok.stglabs.ibm.com-20251004-125519","file":"db_health_checker.go","function":"StartDBHealthTicker","line":28,"message":"opensearch healthy ✅"}
{"timestamp":"2025-10-04T19:25:19Z","level":"INFO","component":"database","podId":"-","env":"-","requestId":"dra-sb.pok.stglabs.ibm.com-20251004-125519","file":"db_health_checker.go","function":"StartDBHealthTicker","line":28,"message":"minio healthy ✅"}
{"timestamp":"2025-10-04T19:25:19Z","level":"INFO","component":"database","podId":"-","env":"-","requestId":"dra-sb.pok.stglabs.ibm.com-20251004-125519","file":"db_health_checker.go","function":"StartDBHealthTicker","line":28,"message":"postgres healthy ✅"}
{"timestamp":"2025-10-04T19:25:19Z","level":"INFO","component":"database","podId":"-","env":"-","requestId":"dra-sb.pok.stglabs.ibm.com-20251004-125519","file":"db_health_checker.go","function":"StartDBHealthTicker","line":28,"message":"mongo healthy ✅"}
{"timestamp":"2025-10-04T19:25:19Z","level":"INFO","component":"database","podId":"-","env":"-","requestId":"dra-sb.pok.stglabs.ibm.com-20251004-125519","file":"db_health_checker.go","function":"StartDBHealthTicker","line":28,"message":"redis healthy ✅"}
{"timestamp":"2025-10-04T19:30:19Z","level":"INFO","component":"database","podId":"-","env":"-","requestId":"dra-sb.pok.stglabs.ibm.com-20251004-125519","file":"db_health_checker.go","function":"StartDBHealthTicker","line":28,"message":"opensearch healthy ✅"}
{"timestamp":"2025-10-04T19:30:19Z","level":"INFO","component":"database","podId":"-","env":"-","requestId":"dra-sb.pok.stglabs.ibm.com-20251004-125519","file":"db_health_checker.go","function":"StartDBHealthTicker","line":28,"message":"minio healthy ✅"}
{"timestamp":"2025-10-04T19:30:19Z","level":"INFO","component":"database","podId":"-","env":"-","requestId":"dra-sb.pok.stglabs.ibm.com-20251004-125519","file":"db_health_checker.go","function":"StartDBHealthTicker","line":28,"message":"postgres healthy ✅"}
{"timestamp":"2025-10-04T19:30:19Z","level":"INFO","component":"database","podId":"-","env":"-","requestId":"dra-sb.pok.stglabs.ibm.com-20251004-125519","file":"db_health_checker.go","function":"StartDBHealthTicker","line":28,"message":"mongo healthy ✅"}
{"timestamp":"2025-10-04T19:30:19Z","level":"INFO","component":"database","podId":"-","env":"-","requestId":"dra-sb.pok.stglabs.ibm.com-20251004-125519","file":"db_health_checker.go","function":"StartDBHealthTicker","line":28,"message":"redis healthy ✅"}
{"timestamp":"2025-10-04T19:35:19Z","level":"INFO","component":"database","podId":"-","env":"-","requestId":"dra-sb.pok.stglabs.ibm.com-20251004-125519","file":"db_health_checker.go","function":"StartDBHealthTicker","line":28,"message":"minio healthy ✅"}
{"timestamp":"2025-10-04T19:35:19Z","level":"INFO","component":"database","podId":"-","env":"-","requestId":"dra-sb.pok.stglabs.ibm.com-20251004-125519","file":"db_health_checker.go","function":"StartDBHealthTicker","line":28,"message":"postgres healthy ✅"}
{"timestamp":"2025-10-04T19:35:19Z","level":"INFO","component":"database","podId":"-","env":"-","requestId":"dra-sb.pok.stglabs.ibm.com-20251004-125519","file":"db_health_checker.go","function":"StartDBHealthTicker","line":28,"message":"mongo healthy ✅"}
{"timestamp":"2025-10-04T19:35:19Z","level":"INFO","component":"database","podId":"-","env":"-","requestId":"dra-sb.pok.stglabs.ibm.com-20251004-125519","file":"db_health_checker.go","function":"StartDBHealthTicker","line":28,"message":"redis healthy ✅"}
{"timestamp":"2025-10-04T19:35:19Z","level":"INFO","component":"database","podId":"-","env":"-","requestId":"dra-sb.pok.stglabs.ibm.com-20251004-125519","file":"db_health_checker.go","function":"StartDBHealthTicker","line":28,"message":"opensearch healthy ✅"}
{"timestamp":"2025-10-04T19:40:19Z","level":"INFO","component":"database","podId":"-","env":"-","requestId":"dra-sb.pok.stglabs.ibm.com-20251004-125519","file":"db_health_checker.go","function":"StartDBHealthTicker","line":28,"message":"postgres healthy ✅"}
{"timestamp":"2025-10-04T19:40:19Z","level":"INFO","component":"database","podId":"-","env":"-","requestId":"dra-sb.pok.stglabs.ibm.com-20251004-125519","file":"db_health_checker.go","function":"StartDBHealthTicker","line":28,"message":"mongo healthy ✅"}
{"timestamp":"2025-10-04T19:40:19Z","level":"INFO","component":"database","podId":"-","env":"-","requestId":"dra-sb.pok.stglabs.ibm.com-20251004-125519","file":"db_health_checker.go","function":"StartDBHealthTicker","line":28,"message":"redis healthy ✅"}
{"timestamp":"2025-10-04T19:40:19Z","level":"INFO","component":"database","podId":"-","env":"-","requestId":"dra-sb.pok.stglabs.ibm.com-20251004-125519","file":"db_health_checker.go","function":"StartDBHealthTicker","line":28,"message":"opensearch healthy ✅"}
{"timestamp":"2025-10-04T19:40:19Z","level":"INFO","component":"database","podId":"-","env":"-","requestId":"dra-sb.pok.stglabs.ibm.com-20251004-125519","file":"db_health_checker.go","function":"StartDBHealthTicker","line":28,"message":"minio healthy ✅"}
{"timestamp":"2025-10-04T19:45:19Z","level":"INFO","component":"database","podId":"-","env":"-","requestId":"dra-sb.pok.stglabs.ibm.com-20251004-125519","file":"db_health_checker.go","function":"StartDBHealthTicker","line":28,"message":"opensearch healthy ✅"}
{"timestamp":"2025-10-04T19:45:19Z","level":"INFO","component":"database","podId":"-","env":"-","requestId":"dra-sb.pok.stglabs.ibm.com-20251004-125519","file":"db_health_checker.go","function":"StartDBHealthTicker","line":28,"message":"minio healthy ✅"}
{"timestamp":"2025-10-04T19:45:19Z","level":"INFO","component":"database","podId":"-","env":"-","requestId":"dra-sb.pok.stglabs.ibm.com-20251004-125519","file":"db_health_checker.go","function":"StartDBHealthTicker","line":28,"message":"postgres healthy ✅"}
{"timestamp":"2025-10-04T19:45:19Z","level":"INFO","component":"database","podId":"-","env":"-","requestId":"dra-sb.pok.stglabs.ibm.com-20251004-125519","file":"db_health_checker.go","function":"StartDBHealthTicker","line":28,"message":"mongo healthy ✅"}
{"timestamp":"2025-10-04T19:45:19Z","level":"INFO","component":"database","podId":"-","env":"-","requestId":"dra-sb.pok.stglabs.ibm.com-20251004-125519","file":"db_health_checker.go","function":"StartDBHealthTicker","line":28,"message":"redis healthy ✅"}
{"timestamp":"2025-10-04T19:50:19Z","level":"INFO","component":"database","podId":"-","env":"-","requestId":"dra-sb.pok.stglabs.ibm.com-20251004-125519","file":"db_health_checker.go","function":"StartDBHealthTicker","line":28,"message":"postgres healthy ✅"}
{"timestamp":"2025-10-04T19:50:19Z","level":"INFO","component":"database","podId":"-","env":"-","requestId":"dra-sb.pok.stglabs.ibm.com-20251004-125519","file":"db_health_checker.go","function":"StartDBHealthTicker","line":28,"message":"mongo healthy ✅"}
{"timestamp":"2025-10-04T19:50:19Z","level":"INFO","component":"database","podId":"-","env":"-","requestId":"dra-sb.pok.stglabs.ibm.com-20251004-125519","file":"db_health_checker.go","function":"StartDBHealthTicker","line":28,"message":"redis healthy ✅"}
{"timestamp":"2025-10-04T19:50:19Z","level":"INFO","component":"database","podId":"-","env":"-","requestId":"dra-sb.pok.stglabs.ibm.com-20251004-125519","file":"db_health_checker.go","function":"StartDBHealthTicker","line":28,"message":"opensearch healthy ✅"}
{"timestamp":"2025-10-04T19:50:19Z","level":"INFO","component":"database","podId":"-","env":"-","requestId":"dra-sb.pok.stglabs.ibm.com-20251004-125519","file":"db_health_checker.go","function":"StartDBHealthTicker","line":28,"message":"minio healthy ✅"}
{"timestamp":"2025-10-04T19:55:19Z","level":"INFO","component":"database","podId":"-","env":"-","requestId":"dra-sb.pok.stglabs.ibm.com-20251004-125519","file":"db_health_checker.go","function":"StartDBHealthTicker","line":28,"message":"minio healthy ✅"}
{"timestamp":"2025-10-04T19:55:19Z","level":"INFO","component":"database","podId":"-","env":"-","requestId":"dra-sb.pok.stglabs.ibm.com-20251004-125519","file":"db_health_checker.go","function":"StartDBHealthTicker","line":28,"message":"postgres healthy ✅"}
{"timestamp":"2025-10-04T19:55:19Z","level":"INFO","component":"database","podId":"-","env":"-","requestId":"dra-sb.pok.stglabs.ibm.com-20251004-125519","file":"db_health_checker.go","function":"StartDBHealthTicker","line":28,"message":"mongo healthy ✅"}
{"timestamp":"2025-10-04T19:55:19Z","level":"INFO","component":"database","podId":"-","env":"-","requestId":"dra-sb.pok.stglabs.ibm.com-20251004-125519","file":"db_health_checker.go","function":"StartDBHealthTicker","line":28,"message":"redis healthy ✅"}
{"timestamp":"2025-10-04T19:55:19Z","level":"INFO","component":"database","podId":"-","env":"-","requestId":"dra-sb.pok.stglabs.ibm.com-20251004-125519","file":"db_health_checker.go","function":"StartDBHealthTicker","line":28,"message":"opensearch healthy ✅"}
{"timestamp":"2025-10-04T20:00:19Z","level":"INFO","component":"database","podId":"-","env":"-","requestId":"dra-sb.pok.stglabs.ibm.com-20251004-125519","file":"db_health_checker.go","function":"StartDBHealthTicker","line":28,"message":"postgres healthy ✅"}
{"timestamp":"2025-10-04T20:00:19Z","level":"INFO","component":"database","podId":"-","env":"-","requestId":"dra-sb.pok.stglabs.ibm.com-20251004-125519","file":"db_health_checker.go","function":"StartDBHealthTicker","line":28,"message":"mongo healthy ✅"}
{"timestamp":"2025-10-04T20:00:19Z","level":"INFO","component":"database","podId":"-","env":"-","requestId":"dra-sb.pok.stglabs.ibm.com-20251004-125519","file":"db_health_checker.go","function":"StartDBHealthTicker","line":28,"message":"redis healthy ✅"}
{"timestamp":"2025-10-04T20:00:19Z","level":"INFO","component":"database","podId":"-","env":"-","requestId":"dra-sb.pok.stglabs.ibm.com-20251004-125519","file":"db_health_checker.go","function":"StartDBHealthTicker","line":28,"message":"opensearch healthy ✅"}
{"timestamp":"2025-10-04T20:00:19Z","level":"INFO","component":"database","podId":"-","env":"-","requestId":"dra-sb.pok.stglabs.ibm.com-20251004-125519","file":"db_health_checker.go","function":"StartDBHealthTicker","line":28,"message":"minio healthy ✅"}
