{"timestamp":"2026-03-28T12:45:20Z","level":"INFO","component":"restapi","podId":"-","env":"-","requestId":"b32d5408-d26f-41c8-b291-10ffe5a028dc","file":"users.go","function":"RefreshToken","line":162,"message":"TEST CHANGE WORKING"}
{"timestamp":"2026-03-28T12:45:20Z","level":"INFO","component":"restapi","podId":"-","env":"-","requestId":"b32d5408-d26f-41c8-b291-10ffe5a028dc","file":"users.go","function":"RefreshToken","line":163,"message":"RefreshToken called"}
{"timestamp":"2026-03-28T12:45:20Z","level":"ERROR","component":"restapi","podId":"-","env":"-","requestId":"b32d5408-d26f-41c8-b291-10ffe5a028dc","file":"users.go","function":"RefreshToken","line":179,"message":"REFRESH TOKEN FAILED: \u0026{0xc0004cfc30 \u003cnil\u003e}"}
{"timestamp":"2026-03-28T12:47:44Z","level":"INFO","component":"restapi","podId":"-","env":"-","requestId":"48bec28d-29b7-4d03-97f8-4c348d9de929","file":"users.go","function":"RegisterUser","line":26,"message":"Register User Called: \u0026{parasw12@example.com 0xc0004f4300 0xc0004f4310 919876543210}"}
{"timestamp":"2026-03-28T12:48:09Z","level":"INFO","component":"restapi","podId":"-","env":"-","requestId":"48b90028-d142-4dbc-9a36-dc86abca9f96","file":"users.go","function":"RegisterUser","line":26,"message":"Register User Called: \u0026{parasw122@example.com 0xc0004f4b70 0xc0004f4b80 919876543210}"}
{"timestamp":"2026-03-28T12:54:05Z","level":"INFO","component":"restapi","podId":"-","env":"-","requestId":"5f0ae9be-9631-49cd-a9c1-e8141f91822d","file":"users.go","function":"RegisterUser","line":26,"message":"Register User Called: \u0026{parasw122@example.com 0xc000330350 0xc000330360 919876543210}"}
{"timestamp":"2026-03-28T12:54:17Z","level":"INFO","component":"restapi","podId":"-","env":"-","requestId":"ee53204c-5083-4c33-a089-bf97343227c0","file":"users.go","function":"RegisterUser","line":26,"message":"Register User Called: \u0026{parasw1221@example.com 0xc0003307c0 0xc0003307d0 919876543210}"}
{"timestamp":"2026-03-28T12:57:54Z","level":"INFO","component":"restapi","podId":"-","env":"-","requestId":"b73c9bbc-b40e-4e71-8954-06f3442d443f","file":"users.go","function":"RegisterUser","line":26,"message":"Register User Called: \u0026{parasw1221@example.com 0xc000465aa0 0xc000465ab0 919876543210}"}
{"timestamp":"2026-03-28T13:03:57Z","level":"INFO","component":"restapi","podId":"-","env":"-","requestId":"72033af4-9ade-486a-82e9-264a94c9268c","file":"users.go","function":"RegisterUser","line":26,"message":"Register User Called: \u0026{parasw1221@example.com 0xc000500150 0xc000500160 919876543210}"}
{"timestamp":"2026-03-28T13:06:34Z","level":"INFO","component":"restapi","podId":"-","env":"-","requestId":"00785b7d-6428-464a-9293-6a2a1578d52d","file":"users.go","function":"RegisterUser","line":26,"message":"Register User Called: \u0026{parasw1221@example.com 0xc0003b0240 0xc0003b0680 919876543210}"}
{"timestamp":"2026-03-28T13:07:51Z","level":"INFO","component":"restapi","podId":"-","env":"-","requestId":"91c782eb-99ce-4fe9-bda5-fd20ff7dac41","file":"users.go","function":"RefreshToken","line":162,"message":"TEST CHANGE WORKING"}
{"timestamp":"2026-03-28T13:07:51Z","level":"INFO","component":"restapi","podId":"-","env":"-","requestId":"91c782eb-99ce-4fe9-bda5-fd20ff7dac41","file":"users.go","function":"RefreshToken","line":163,"message":"RefreshToken called"}
{"timestamp":"2026-03-28T13:07:51Z","level":"INFO","component":"restapi","podId":"-","env":"-","requestId":"91c782eb-99ce-4fe9-bda5-fd20ff7dac41","file":"users.go","function":"RefreshToken","line":185,"message":"RefreshToken success"}
{"timestamp":"2026-03-28T13:09:54Z","level":"INFO","component":"restapi","podId":"-","env":"-","requestId":"9cea1275-2470-40da-aa75-d0d84b9aedea","file":"users.go","function":"RefreshToken","line":162,"message":"TEST CHANGE WORKING"}
{"timestamp":"2026-03-28T13:09:54Z","level":"INFO","component":"restapi","podId":"-","env":"-","requestId":"9cea1275-2470-40da-aa75-d0d84b9aedea","file":"users.go","function":"RefreshToken","line":163,"message":"RefreshToken called"}
{"timestamp":"2026-03-28T13:09:54Z","level":"ERROR","component":"restapi","podId":"-","env":"-","requestId":"9cea1275-2470-40da-aa75-d0d84b9aedea","file":"users.go","function":"RefreshToken","line":179,"message":"REFRESH TOKEN FAILED: \u0026{0xc0004e39c0 \u003cnil\u003e}"}
{"timestamp":"2026-03-28T13:10:05Z","level":"INFO","component":"restapi","podId":"-","env":"-","requestId":"615b09da-30f7-4f2a-9469-71851b795e21","file":"users.go","function":"RefreshToken","line":162,"message":"TEST CHANGE WORKING"}
{"timestamp":"2026-03-28T13:10:05Z","level":"INFO","component":"restapi","podId":"-","env":"-","requestId":"615b09da-30f7-4f2a-9469-71851b795e21","file":"users.go","function":"RefreshToken","line":163,"message":"RefreshToken called"}
{"timestamp":"2026-03-28T13:10:05Z","level":"ERROR","component":"restapi","podId":"-","env":"-","requestId":"615b09da-30f7-4f2a-9469-71851b795e21","file":"users.go","function":"RefreshToken","line":179,"message":"REFRESH TOKEN FAILED: \u0026{0xc0004bdeb0 \u003cnil\u003e}"}
{"timestamp":"2026-03-28T13:10:21Z","level":"INFO","component":"restapi","podId":"-","env":"-","requestId":"3f9f40f1-25d9-4819-8043-c41c3dcb026b","file":"users.go","function":"RefreshToken","line":162,"message":"TEST CHANGE WORKING"}
{"timestamp":"2026-03-28T13:10:21Z","level":"INFO","component":"restapi","podId":"-","env":"-","requestId":"3f9f40f1-25d9-4819-8043-c41c3dcb026b","file":"users.go","function":"RefreshToken","line":163,"message":"RefreshToken called"}
{"timestamp":"2026-03-28T13:10:21Z","level":"ERROR","component":"restapi","podId":"-","env":"-","requestId":"3f9f40f1-25d9-4819-8043-c41c3dcb026b","file":"users.go","function":"RefreshToken","line":179,"message":"REFRESH TOKEN FAILED: \u0026{0xc000117280 \u003cnil\u003e}"}
{"timestamp":"2026-03-28T13:11:53Z","level":"INFO","component":"restapi","podId":"-","env":"-","requestId":"481e5c34-84f6-4f5a-9b9d-6a815bbef3ac","file":"users.go","function":"RefreshToken","line":162,"message":"TEST CHANGE WORKING"}
{"timestamp":"2026-03-28T13:11:53Z","level":"INFO","component":"restapi","podId":"-","env":"-","requestId":"481e5c34-84f6-4f5a-9b9d-6a815bbef3ac","file":"users.go","function":"RefreshToken","line":163,"message":"RefreshToken called"}
{"timestamp":"2026-03-28T13:11:53Z","level":"INFO","component":"restapi","podId":"-","env":"-","requestId":"481e5c34-84f6-4f5a-9b9d-6a815bbef3ac","file":"users.go","function":"RefreshToken","line":185,"message":"RefreshToken success"}
{"timestamp":"2026-03-28T13:12:21Z","level":"INFO","component":"restapi","podId":"-","env":"-","requestId":"ef6893c7-12f8-4d05-8be0-8677a2e8665d","file":"users.go","function":"RefreshToken","line":162,"message":"TEST CHANGE WORKING"}
{"timestamp":"2026-03-28T13:12:21Z","level":"INFO","component":"restapi","podId":"-","env":"-","requestId":"ef6893c7-12f8-4d05-8be0-8677a2e8665d","file":"users.go","function":"RefreshToken","line":163,"message":"RefreshToken called"}
{"timestamp":"2026-03-28T13:12:21Z","level":"INFO","component":"restapi","podId":"-","env":"-","requestId":"ef6893c7-12f8-4d05-8be0-8677a2e8665d","file":"users.go","function":"RefreshToken","line":185,"message":"RefreshToken success"}
{"timestamp":"2026-03-28T13:14:06Z","level":"INFO","component":"restapi","podId":"-","env":"-","requestId":"ea1ae18e-575c-496b-a883-4a08c40cdaa5","file":"users.go","function":"RefreshToken","line":162,"message":"TEST CHANGE WORKING"}
{"timestamp":"2026-03-28T13:14:06Z","level":"INFO","component":"restapi","podId":"-","env":"-","requestId":"ea1ae18e-575c-496b-a883-4a08c40cdaa5","file":"users.go","function":"RefreshToken","line":163,"message":"RefreshToken called"}
{"timestamp":"2026-03-28T13:14:06Z","level":"ERROR","component":"restapi","podId":"-","env":"-","requestId":"ea1ae18e-575c-496b-a883-4a08c40cdaa5","file":"users.go","function":"RefreshToken","line":179,"message":"REFRESH TOKEN FAILED: \u0026{0xc0003b8bb0 \u003cnil\u003e}"}
{"timestamp":"2026-03-28T13:14:13Z","level":"INFO","component":"restapi","podId":"-","env":"-","requestId":"536459be-1ffe-4bf0-b582-258e363dad57","file":"users.go","function":"RefreshToken","line":162,"message":"TEST CHANGE WORKING"}
{"timestamp":"2026-03-28T13:14:13Z","level":"INFO","component":"restapi","podId":"-","env":"-","requestId":"536459be-1ffe-4bf0-b582-258e363dad57","file":"users.go","function":"RefreshToken","line":163,"message":"RefreshToken called"}
{"timestamp":"2026-03-28T13:14:13Z","level":"ERROR","component":"restapi","podId":"-","env":"-","requestId":"536459be-1ffe-4bf0-b582-258e363dad57","file":"users.go","function":"RefreshToken","line":179,"message":"REFRESH TOKEN FAILED: \u0026{0xc0003b9770 \u003cnil\u003e}"}
{"timestamp":"2026-03-28T13:14:19Z","level":"INFO","component":"restapi","podId":"-","env":"-","requestId":"3fae3fc7-35ca-4867-b2f0-d070aec2ef4e","file":"users.go","function":"RefreshToken","line":162,"message":"TEST CHANGE WORKING"}
{"timestamp":"2026-03-28T13:14:19Z","level":"INFO","component":"restapi","podId":"-","env":"-","requestId":"3fae3fc7-35ca-4867-b2f0-d070aec2ef4e","file":"users.go","function":"RefreshToken","line":163,"message":"RefreshToken called"}
{"timestamp":"2026-03-28T13:14:19Z","level":"ERROR","component":"restapi","podId":"-","env":"-","requestId":"3fae3fc7-35ca-4867-b2f0-d070aec2ef4e","file":"users.go","function":"RefreshToken","line":179,"message":"REFRESH TOKEN FAILED: \u0026{0xc0001169d0 \u003cnil\u003e}"}
{"timestamp":"2026-03-28T13:14:27Z","level":"INFO","component":"restapi","podId":"-","env":"-","requestId":"0ae55291-7370-41b3-bf6c-b7de0b7cd100","file":"users.go","function":"RefreshToken","line":162,"message":"TEST CHANGE WORKING"}
{"timestamp":"2026-03-28T13:14:27Z","level":"INFO","component":"restapi","podId":"-","env":"-","requestId":"0ae55291-7370-41b3-bf6c-b7de0b7cd100","file":"users.go","function":"RefreshToken","line":163,"message":"RefreshToken called"}
{"timestamp":"2026-03-28T13:14:27Z","level":"ERROR","component":"restapi","podId":"-","env":"-","requestId":"0ae55291-7370-41b3-bf6c-b7de0b7cd100","file":"users.go","function":"RefreshToken","line":179,"message":"REFRESH TOKEN FAILED: \u0026{0xc000117a40 \u003cnil\u003e}"}
{"timestamp":"2026-03-28T13:15:17Z","level":"INFO","component":"restapi","podId":"-","env":"-","requestId":"77e7e07b-0597-458b-bd06-76aef0a618b9","file":"users.go","function":"RefreshToken","line":162,"message":"TEST CHANGE WORKING"}
{"timestamp":"2026-03-28T13:15:17Z","level":"INFO","component":"restapi","podId":"-","env":"-","requestId":"77e7e07b-0597-458b-bd06-76aef0a618b9","file":"users.go","function":"RefreshToken","line":163,"message":"RefreshToken called"}
{"timestamp":"2026-03-28T13:15:17Z","level":"ERROR","component":"restapi","podId":"-","env":"-","requestId":"77e7e07b-0597-458b-bd06-76aef0a618b9","file":"users.go","function":"RefreshToken","line":179,"message":"REFRESH TOKEN FAILED: \u0026{0xc0004bd050 \u003cnil\u003e}"}
{"timestamp":"2026-03-28T13:15:22Z","level":"INFO","component":"restapi","podId":"-","env":"-","requestId":"f6a59017-7ad4-425f-81fd-91c71ccbccf6","file":"users.go","function":"RefreshToken","line":162,"message":"TEST CHANGE WORKING"}
{"timestamp":"2026-03-28T13:15:22Z","level":"INFO","component":"restapi","podId":"-","env":"-","requestId":"f6a59017-7ad4-425f-81fd-91c71ccbccf6","file":"users.go","function":"RefreshToken","line":163,"message":"RefreshToken called"}
{"timestamp":"2026-03-28T13:15:22Z","level":"ERROR","component":"restapi","podId":"-","env":"-","requestId":"f6a59017-7ad4-425f-81fd-91c71ccbccf6","file":"users.go","function":"RefreshToken","line":179,"message":"REFRESH TOKEN FAILED: \u0026{0xc0004bd980 \u003cnil\u003e}"}
{"timestamp":"2026-03-28T13:15:51Z","level":"INFO","component":"restapi","podId":"-","env":"-","requestId":"4c71c300-f768-48d8-84b7-025aa650a59f","file":"users.go","function":"RefreshToken","line":162,"message":"TEST CHANGE WORKING"}
{"timestamp":"2026-03-28T13:15:51Z","level":"INFO","component":"restapi","podId":"-","env":"-","requestId":"4c71c300-f768-48d8-84b7-025aa650a59f","file":"users.go","function":"RefreshToken","line":163,"message":"RefreshToken called"}
{"timestamp":"2026-03-28T13:15:51Z","level":"INFO","component":"restapi","podId":"-","env":"-","requestId":"4c71c300-f768-48d8-84b7-025aa650a59f","file":"users.go","function":"RefreshToken","line":185,"message":"RefreshToken success"}
{"timestamp":"2026-03-28T13:16:02Z","level":"INFO","component":"restapi","podId":"-","env":"-","requestId":"42762b0f-a35f-432a-a71c-e5ea514d58fb","file":"users.go","function":"RefreshToken","line":162,"message":"TEST CHANGE WORKING"}
{"timestamp":"2026-03-28T13:16:02Z","level":"INFO","component":"restapi","podId":"-","env":"-","requestId":"42762b0f-a35f-432a-a71c-e5ea514d58fb","file":"users.go","function":"RefreshToken","line":163,"message":"RefreshToken called"}
{"timestamp":"2026-03-28T13:16:02Z","level":"INFO","component":"restapi","podId":"-","env":"-","requestId":"42762b0f-a35f-432a-a71c-e5ea514d58fb","file":"users.go","function":"RefreshToken","line":185,"message":"RefreshToken success"}
{"timestamp":"2026-03-28T13:16:07Z","level":"INFO","component":"restapi","podId":"-","env":"-","requestId":"7a4294f4-b45b-45ef-b012-bca84499dbd0","file":"users.go","function":"RefreshToken","line":162,"message":"TEST CHANGE WORKING"}
{"timestamp":"2026-03-28T13:16:07Z","level":"INFO","component":"restapi","podId":"-","env":"-","requestId":"7a4294f4-b45b-45ef-b012-bca84499dbd0","file":"users.go","function":"RefreshToken","line":163,"message":"RefreshToken called"}
{"timestamp":"2026-03-28T13:16:07Z","level":"ERROR","component":"restapi","podId":"-","env":"-","requestId":"7a4294f4-b45b-45ef-b012-bca84499dbd0","file":"users.go","function":"RefreshToken","line":179,"message":"REFRESH TOKEN FAILED: \u0026{0xc0004e38e0 \u003cnil\u003e}"}
{"timestamp":"2026-03-28T13:16:13Z","level":"INFO","component":"restapi","podId":"-","env":"-","requestId":"a342dbd2-ea68-4131-b5d6-6099c83a1637","file":"users.go","function":"RefreshToken","line":162,"message":"TEST CHANGE WORKING"}
{"timestamp":"2026-03-28T13:16:13Z","level":"INFO","component":"restapi","podId":"-","env":"-","requestId":"a342dbd2-ea68-4131-b5d6-6099c83a1637","file":"users.go","function":"RefreshToken","line":163,"message":"RefreshToken called"}
{"timestamp":"2026-03-28T13:16:13Z","level":"ERROR","component":"restapi","podId":"-","env":"-","requestId":"a342dbd2-ea68-4131-b5d6-6099c83a1637","file":"users.go","function":"RefreshToken","line":179,"message":"REFRESH TOKEN FAILED: \u0026{0xc0004bcbc0 \u003cnil\u003e}"}
{"timestamp":"2026-03-28T13:18:15Z","level":"INFO","component":"restapi","podId":"-","env":"-","requestId":"17a6b2cb-14a1-4101-849d-48fd2b2d9852","file":"users.go","function":"RefreshToken","line":162,"message":"TEST CHANGE WORKING"}
{"timestamp":"2026-03-28T13:18:15Z","level":"INFO","component":"restapi","podId":"-","env":"-","requestId":"17a6b2cb-14a1-4101-849d-48fd2b2d9852","file":"users.go","function":"RefreshToken","line":163,"message":"RefreshToken called"}
{"timestamp":"2026-03-28T13:18:15Z","level":"ERROR","component":"restapi","podId":"-","env":"-","requestId":"17a6b2cb-14a1-4101-849d-48fd2b2d9852","file":"users.go","function":"RefreshToken","line":179,"message":"REFRESH TOKEN FAILED: \u0026{0xc0003b8d00 \u003cnil\u003e}"}
{"timestamp":"2026-03-28T13:19:25Z","level":"INFO","component":"restapi","podId":"-","env":"-","requestId":"29c616df-6812-4247-8857-e8a558461262","file":"users.go","function":"RefreshToken","line":162,"message":"TEST CHANGE WORKING"}
{"timestamp":"2026-03-28T13:19:25Z","level":"INFO","component":"restapi","podId":"-","env":"-","requestId":"29c616df-6812-4247-8857-e8a558461262","file":"users.go","function":"RefreshToken","line":163,"message":"RefreshToken called"}
{"timestamp":"2026-03-28T13:19:25Z","level":"INFO","component":"restapi","podId":"-","env":"-","requestId":"29c616df-6812-4247-8857-e8a558461262","file":"users.go","function":"RefreshToken","line":185,"message":"RefreshToken success"}
{"timestamp":"2026-03-28T13:19:58Z","level":"INFO","component":"restapi","podId":"-","env":"-","requestId":"1dd80bbb-cf60-4c51-bd11-def35864ccb2","file":"users.go","function":"RefreshToken","line":162,"message":"TEST CHANGE WORKING"}
{"timestamp":"2026-03-28T13:19:58Z","level":"INFO","component":"restapi","podId":"-","env":"-","requestId":"1dd80bbb-cf60-4c51-bd11-def35864ccb2","file":"users.go","function":"RefreshToken","line":163,"message":"RefreshToken called"}
{"timestamp":"2026-03-28T13:19:58Z","level":"INFO","component":"restapi","podId":"-","env":"-","requestId":"1dd80bbb-cf60-4c51-bd11-def35864ccb2","file":"users.go","function":"RefreshToken","line":185,"message":"RefreshToken success"}
{"timestamp":"2026-03-28T13:20:37Z","level":"INFO","component":"restapi","podId":"-","env":"-","requestId":"7705d4f6-10c7-4f42-9641-c5bca55bbdf8","file":"users.go","function":"RefreshToken","line":162,"message":"TEST CHANGE WORKING"}
{"timestamp":"2026-03-28T13:20:37Z","level":"INFO","component":"restapi","podId":"-","env":"-","requestId":"7705d4f6-10c7-4f42-9641-c5bca55bbdf8","file":"users.go","function":"RefreshToken","line":163,"message":"RefreshToken called"}
{"timestamp":"2026-03-28T13:20:37Z","level":"ERROR","component":"restapi","podId":"-","env":"-","requestId":"7705d4f6-10c7-4f42-9641-c5bca55bbdf8","file":"users.go","function":"RefreshToken","line":179,"message":"REFRESH TOKEN FAILED: \u0026{0xc0004bc600 \u003cnil\u003e}"}
{"timestamp":"2026-03-28T13:20:43Z","level":"INFO","component":"restapi","podId":"-","env":"-","requestId":"8e482bb0-c44c-49d6-b7e3-66359b54b450","file":"users.go","function":"RefreshToken","line":162,"message":"TEST CHANGE WORKING"}
{"timestamp":"2026-03-28T13:20:43Z","level":"INFO","component":"restapi","podId":"-","env":"-","requestId":"8e482bb0-c44c-49d6-b7e3-66359b54b450","file":"users.go","function":"RefreshToken","line":163,"message":"RefreshToken called"}
{"timestamp":"2026-03-28T13:20:43Z","level":"INFO","component":"restapi","podId":"-","env":"-","requestId":"8e482bb0-c44c-49d6-b7e3-66359b54b450","file":"users.go","function":"RefreshToken","line":185,"message":"RefreshToken success"}
{"timestamp":"2026-03-28T13:25:38Z","level":"INFO","component":"restapi","podId":"-","env":"-","requestId":"ffa7bfa1-48eb-4d64-8d4a-2f36af168c59","file":"users.go","function":"RegisterUser","line":26,"message":"Register User Called: \u0026{parasw1221@example.com 0xc0003ae100 0xc0003ae120 919876543210}"}
{"timestamp":"2026-03-28T13:25:48Z","level":"INFO","component":"restapi","podId":"-","env":"-","requestId":"123798f7-3a25-4796-8442-4ba4a807aed6","file":"users.go","function":"GetUserProfile","line":69,"message":"GetUserProfile started for userID: 1"}
{"timestamp":"2026-03-28T13:25:48Z","level":"INFO","component":"restapi","podId":"-","env":"-","requestId":"123798f7-3a25-4796-8442-4ba4a807aed6","file":"users.go","function":"GetUserProfile","line":95,"message":"GetUserProfile success for userID: 1"}
{"timestamp":"2026-03-28T13:26:46Z","level":"INFO","component":"restapi","podId":"-","env":"-","requestId":"8731efbf-7a34-4272-8bc9-d52937459dfe","file":"users.go","function":"RefreshToken","line":162,"message":"TEST CHANGE WORKING"}
{"timestamp":"2026-03-28T13:26:46Z","level":"INFO","component":"restapi","podId":"-","env":"-","requestId":"8731efbf-7a34-4272-8bc9-d52937459dfe","file":"users.go","function":"RefreshToken","line":163,"message":"RefreshToken called"}
{"timestamp":"2026-03-28T13:26:46Z","level":"ERROR","component":"restapi","podId":"-","env":"-","requestId":"8731efbf-7a34-4272-8bc9-d52937459dfe","file":"users.go","function":"RefreshToken","line":179,"message":"REFRESH TOKEN FAILED: \u0026{0xc00056a8a0 \u003cnil\u003e}"}
{"timestamp":"2026-03-28T13:27:26Z","level":"INFO","component":"restapi","podId":"-","env":"-","requestId":"3986b248-9427-4936-813a-c2a0aff95c23","file":"users.go","function":"RefreshToken","line":162,"message":"TEST CHANGE WORKING"}
{"timestamp":"2026-03-28T13:27:26Z","level":"INFO","component":"restapi","podId":"-","env":"-","requestId":"3986b248-9427-4936-813a-c2a0aff95c23","file":"users.go","function":"RefreshToken","line":163,"message":"RefreshToken called"}
{"timestamp":"2026-03-28T13:27:26Z","level":"INFO","component":"restapi","podId":"-","env":"-","requestId":"3986b248-9427-4936-813a-c2a0aff95c23","file":"users.go","function":"RefreshToken","line":185,"message":"RefreshToken success"}
{"timestamp":"2026-03-28T13:27:44Z","level":"INFO","component":"restapi","podId":"-","env":"-","requestId":"abdbbd43-ecfe-444d-adbd-0f01ced9903c","file":"users.go","function":"GetUserProfile","line":69,"message":"GetUserProfile started for userID: 1"}
{"timestamp":"2026-03-28T13:27:44Z","level":"INFO","component":"restapi","podId":"-","env":"-","requestId":"abdbbd43-ecfe-444d-adbd-0f01ced9903c","file":"users.go","function":"GetUserProfile","line":95,"message":"GetUserProfile success for userID: 1"}
{"timestamp":"2026-03-28T13:28:05Z","level":"INFO","component":"restapi","podId":"-","env":"-","requestId":"747e8688-9232-4c4a-a52e-a2aa13bed6c5","file":"users.go","function":"GetUserProfile","line":69,"message":"GetUserProfile started for userID: 1"}
{"timestamp":"2026-03-28T13:28:05Z","level":"INFO","component":"restapi","podId":"-","env":"-","requestId":"747e8688-9232-4c4a-a52e-a2aa13bed6c5","file":"users.go","function":"GetUserProfile","line":95,"message":"GetUserProfile success for userID: 1"}
{"timestamp":"2026-03-28T13:29:11Z","level":"INFO","component":"restapi","podId":"-","env":"-","requestId":"500f50b5-db61-40f5-8a5a-2343d72e91e5","file":"users.go","function":"RegisterUser","line":26,"message":"Register User Called: \u0026{parasw11221@example.com 0xc000391270 0xc000391280 919876543210}"}
{"timestamp":"2026-03-28T13:29:29Z","level":"INFO","component":"restapi","podId":"-","env":"-","requestId":"d346e136-e0e5-4476-a4ae-7fd96fdd773f","file":"users.go","function":"GetUserProfile","line":69,"message":"GetUserProfile started for userID: 3"}
{"timestamp":"2026-03-28T13:29:29Z","level":"INFO","component":"restapi","podId":"-","env":"-","requestId":"d346e136-e0e5-4476-a4ae-7fd96fdd773f","file":"users.go","function":"GetUserProfile","line":95,"message":"GetUserProfile success for userID: 3"}
{"timestamp":"2026-03-28T13:30:25Z","level":"INFO","component":"restapi","podId":"-","env":"-","requestId":"0538614a-b1f2-4273-a232-259dab64f007","file":"users.go","function":"RegisterUser","line":26,"message":"Register User Called: \u0026{parasw112211@example.com 0xc00056a2c0 0xc00056a2d0 919876543210}"}
{"timestamp":"2026-03-28T13:30:41Z","level":"INFO","component":"restapi","podId":"-","env":"-","requestId":"61aa2bbb-9fce-48a2-bb45-44175a3c9e89","file":"users.go","function":"GetUserProfile","line":69,"message":"GetUserProfile started for userID: 4"}
{"timestamp":"2026-03-28T13:30:41Z","level":"INFO","component":"restapi","podId":"-","env":"-","requestId":"61aa2bbb-9fce-48a2-bb45-44175a3c9e89","file":"users.go","function":"GetUserProfile","line":95,"message":"GetUserProfile success for userID: 4"}
{"timestamp":"2026-03-28T13:33:03Z","level":"INFO","component":"restapi","podId":"-","env":"-","requestId":"57ef0459-0033-4a2e-bbb0-9d0eb6eb945c","file":"users.go","function":"RegisterUser","line":26,"message":"Register User Called: \u0026{parasw1121211@example.com 0xc000390270 0xc000390280 919876543210}"}
{"timestamp":"2026-03-28T13:33:17Z","level":"INFO","component":"restapi","podId":"-","env":"-","requestId":"cc4230d3-1dd0-4b24-a029-2303e5428e8d","file":"users.go","function":"GetUserProfile","line":69,"message":"GetUserProfile started for userID: 5"}
{"timestamp":"2026-03-28T13:33:17Z","level":"INFO","component":"restapi","podId":"-","env":"-","requestId":"cc4230d3-1dd0-4b24-a029-2303e5428e8d","file":"users.go","function":"GetUserProfile","line":95,"message":"GetUserProfile success for userID: 5"}
{"timestamp":"2026-03-28T13:33:20Z","level":"INFO","component":"restapi","podId":"-","env":"-","requestId":"b2da9bf4-e51e-4167-b0aa-badb197f5551","file":"users.go","function":"GetUserProfile","line":69,"message":"GetUserProfile started for userID: 5"}
{"timestamp":"2026-03-28T13:33:20Z","level":"INFO","component":"restapi","podId":"-","env":"-","requestId":"b2da9bf4-e51e-4167-b0aa-badb197f5551","file":"users.go","function":"GetUserProfile","line":95,"message":"GetUserProfile success for userID: 5"}
{"timestamp":"2026-03-28T13:33:28Z","level":"INFO","component":"restapi","podId":"-","env":"-","requestId":"bae032c6-feb0-4d0b-8d21-e138613316ac","file":"users.go","function":"GetUserProfile","line":69,"message":"GetUserProfile started for userID: 5"}
{"timestamp":"2026-03-28T13:33:28Z","level":"INFO","component":"restapi","podId":"-","env":"-","requestId":"bae032c6-feb0-4d0b-8d21-e138613316ac","file":"users.go","function":"GetUserProfile","line":95,"message":"GetUserProfile success for userID: 5"}
{"timestamp":"2026-03-28T13:33:29Z","level":"INFO","component":"restapi","podId":"-","env":"-","requestId":"40dc33c9-4c32-45aa-b3e9-f20ce44984d1","file":"users.go","function":"GetUserProfile","line":69,"message":"GetUserProfile started for userID: 5"}
{"timestamp":"2026-03-28T13:33:29Z","level":"INFO","component":"restapi","podId":"-","env":"-","requestId":"40dc33c9-4c32-45aa-b3e9-f20ce44984d1","file":"users.go","function":"GetUserProfile","line":95,"message":"GetUserProfile success for userID: 5"}
{"timestamp":"2026-03-28T13:33:31Z","level":"INFO","component":"restapi","podId":"-","env":"-","requestId":"88722326-fe13-466b-9509-a059a80c3fea","file":"users.go","function":"GetUserProfile","line":69,"message":"GetUserProfile started for userID: 5"}
{"timestamp":"2026-03-28T13:33:31Z","level":"INFO","component":"restapi","podId":"-","env":"-","requestId":"88722326-fe13-466b-9509-a059a80c3fea","file":"users.go","function":"GetUserProfile","line":95,"message":"GetUserProfile success for userID: 5"}
{"timestamp":"2026-03-28T13:33:32Z","level":"INFO","component":"restapi","podId":"-","env":"-","requestId":"5be52cc9-33e8-4e5e-9ff3-f4d4d04b4b84","file":"users.go","function":"GetUserProfile","line":69,"message":"GetUserProfile started for userID: 5"}
{"timestamp":"2026-03-28T13:33:32Z","level":"INFO","component":"restapi","podId":"-","env":"-","requestId":"5be52cc9-33e8-4e5e-9ff3-f4d4d04b4b84","file":"users.go","function":"GetUserProfile","line":95,"message":"GetUserProfile success for userID: 5"}
{"timestamp":"2026-03-28T13:33:37Z","level":"INFO","component":"restapi","podId":"-","env":"-","requestId":"845dd4fa-1ae2-47bb-a3a4-95e9246cbcae","file":"users.go","function":"GetUserProfile","line":69,"message":"GetUserProfile started for userID: 5"}
{"timestamp":"2026-03-28T13:33:37Z","level":"INFO","component":"restapi","podId":"-","env":"-","requestId":"845dd4fa-1ae2-47bb-a3a4-95e9246cbcae","file":"users.go","function":"GetUserProfile","line":95,"message":"GetUserProfile success for userID: 5"}
{"timestamp":"2026-03-28T13:33:39Z","level":"INFO","component":"restapi","podId":"-","env":"-","requestId":"9da56329-c777-44b9-872e-266b9979dddb","file":"users.go","function":"GetUserProfile","line":69,"message":"GetUserProfile started for userID: 5"}
{"timestamp":"2026-03-28T13:33:39Z","level":"INFO","component":"restapi","podId":"-","env":"-","requestId":"9da56329-c777-44b9-872e-266b9979dddb","file":"users.go","function":"GetUserProfile","line":95,"message":"GetUserProfile success for userID: 5"}
{"timestamp":"2026-03-28T13:33:40Z","level":"INFO","component":"restapi","podId":"-","env":"-","requestId":"da0a59c1-d7c5-4184-811e-1ce48174232f","file":"users.go","function":"GetUserProfile","line":69,"message":"GetUserProfile started for userID: 5"}
{"timestamp":"2026-03-28T13:33:40Z","level":"INFO","component":"restapi","podId":"-","env":"-","requestId":"da0a59c1-d7c5-4184-811e-1ce48174232f","file":"users.go","function":"GetUserProfile","line":95,"message":"GetUserProfile success for userID: 5"}
{"timestamp":"2026-03-28T13:34:37Z","level":"INFO","component":"restapi","podId":"-","env":"-","requestId":"19112577-3c9a-46ec-8dcd-8fa455dada3d","file":"users.go","function":"GetUserProfile","line":69,"message":"GetUserProfile started for userID: 5"}
{"timestamp":"2026-03-28T13:34:37Z","level":"INFO","component":"restapi","podId":"-","env":"-","requestId":"19112577-3c9a-46ec-8dcd-8fa455dada3d","file":"users.go","function":"GetUserProfile","line":95,"message":"GetUserProfile success for userID: 5"}
{"timestamp":"2026-03-28T13:34:40Z","level":"INFO","component":"restapi","podId":"-","env":"-","requestId":"6dfd814c-a0c3-4a0e-bddd-11b16d6514d8","file":"users.go","function":"GetUserProfile","line":69,"message":"GetUserProfile started for userID: 5"}
{"timestamp":"2026-03-28T13:34:40Z","level":"INFO","component":"restapi","podId":"-","env":"-","requestId":"6dfd814c-a0c3-4a0e-bddd-11b16d6514d8","file":"users.go","function":"GetUserProfile","line":95,"message":"GetUserProfile success for userID: 5"}
{"timestamp":"2026-03-28T13:34:57Z","level":"INFO","component":"restapi","podId":"-","env":"-","requestId":"c3a3c3f5-6951-49e2-9aa1-619430bea286","file":"users.go","function":"GetUserProfile","line":69,"message":"GetUserProfile started for userID: 5"}
{"timestamp":"2026-03-28T13:34:57Z","level":"INFO","component":"restapi","podId":"-","env":"-","requestId":"c3a3c3f5-6951-49e2-9aa1-619430bea286","file":"users.go","function":"GetUserProfile","line":95,"message":"GetUserProfile success for userID: 5"}
{"timestamp":"2026-03-28T13:36:11Z","level":"INFO","component":"restapi","podId":"-","env":"-","requestId":"2ed45383-33ce-4cff-8e77-bb13d3fe8f66","file":"users.go","function":"GetUserProfile","line":69,"message":"GetUserProfile started for userID: 5"}
{"timestamp":"2026-03-28T13:36:11Z","level":"INFO","component":"restapi","podId":"-","env":"-","requestId":"2ed45383-33ce-4cff-8e77-bb13d3fe8f66","file":"users.go","function":"GetUserProfile","line":95,"message":"GetUserProfile success for userID: 5"}
{"timestamp":"2026-03-28T13:36:16Z","level":"INFO","component":"restapi","podId":"-","env":"-","requestId":"00a1548b-afb6-44f2-921a-fa57e034b11a","file":"users.go","function":"RegisterUser","line":26,"message":"Register User Called: \u0026{parasw11211211@example.com 0xc0004deba0 0xc0004debb0 919876543210}"}
{"timestamp":"2026-03-28T13:36:24Z","level":"INFO","component":"restapi","podId":"-","env":"-","requestId":"46c539a5-ea3e-4cde-9d1a-af9f8a39fdaa","file":"users.go","function":"GetUserProfile","line":69,"message":"GetUserProfile started for userID: 6"}
{"timestamp":"2026-03-28T13:36:24Z","level":"INFO","component":"restapi","podId":"-","env":"-","requestId":"46c539a5-ea3e-4cde-9d1a-af9f8a39fdaa","file":"users.go","function":"GetUserProfile","line":95,"message":"GetUserProfile success for userID: 6"}
{"timestamp":"2026-03-28T13:37:43Z","level":"INFO","component":"restapi","podId":"-","env":"-","requestId":"e3de22f1-d3fe-4e4f-b033-f720e0bb119b","file":"users.go","function":"RefreshToken","line":162,"message":"TEST CHANGE WORKING"}
{"timestamp":"2026-03-28T13:37:43Z","level":"INFO","component":"restapi","podId":"-","env":"-","requestId":"e3de22f1-d3fe-4e4f-b033-f720e0bb119b","file":"users.go","function":"RefreshToken","line":163,"message":"RefreshToken called"}
{"timestamp":"2026-03-28T13:37:43Z","level":"ERROR","component":"restapi","podId":"-","env":"-","requestId":"e3de22f1-d3fe-4e4f-b033-f720e0bb119b","file":"users.go","function":"RefreshToken","line":179,"message":"REFRESH TOKEN FAILED: \u0026{0xc000240290 \u003cnil\u003e}"}
{"timestamp":"2026-03-28T13:38:47Z","level":"INFO","component":"restapi","podId":"-","env":"-","requestId":"24460d8e-12d6-4b23-bf9c-5da035545e89","file":"users.go","function":"RefreshToken","line":162,"message":"TEST CHANGE WORKING"}
{"timestamp":"2026-03-28T13:38:47Z","level":"INFO","component":"restapi","podId":"-","env":"-","requestId":"24460d8e-12d6-4b23-bf9c-5da035545e89","file":"users.go","function":"RefreshToken","line":163,"message":"RefreshToken called"}
{"timestamp":"2026-03-28T13:38:47Z","level":"ERROR","component":"restapi","podId":"-","env":"-","requestId":"24460d8e-12d6-4b23-bf9c-5da035545e89","file":"users.go","function":"RefreshToken","line":179,"message":"REFRESH TOKEN FAILED: \u0026{0xc000528940 \u003cnil\u003e}"}
{"timestamp":"2026-03-28T13:39:20Z","level":"INFO","component":"restapi","podId":"-","env":"-","requestId":"682ac18e-2bf8-4287-965f-aa0335999787","file":"users.go","function":"RegisterUser","line":26,"message":"Register User Called: \u0026{parasw111211211@example.com 0xc0004d0200 0xc0004d0210 919876543210}"}
{"timestamp":"2026-03-28T13:39:31Z","level":"INFO","component":"restapi","podId":"-","env":"-","requestId":"6402817b-66d7-46dd-b036-60095f6bb616","file":"users.go","function":"RefreshToken","line":162,"message":"TEST CHANGE WORKING"}
{"timestamp":"2026-03-28T13:39:31Z","level":"INFO","component":"restapi","podId":"-","env":"-","requestId":"6402817b-66d7-46dd-b036-60095f6bb616","file":"users.go","function":"RefreshToken","line":163,"message":"RefreshToken called"}
{"timestamp":"2026-03-28T13:39:31Z","level":"ERROR","component":"restapi","podId":"-","env":"-","requestId":"6402817b-66d7-46dd-b036-60095f6bb616","file":"users.go","function":"RefreshToken","line":179,"message":"REFRESH TOKEN FAILED: \u0026{0xc0004d0d20 \u003cnil\u003e}"}
{"timestamp":"2026-03-28T13:39:38Z","level":"INFO","component":"restapi","podId":"-","env":"-","requestId":"4a91d319-bc46-4985-aba5-b701a0496026","file":"users.go","function":"GetUserProfile","line":69,"message":"GetUserProfile started for userID: 7"}
{"timestamp":"2026-03-28T13:39:38Z","level":"INFO","component":"restapi","podId":"-","env":"-","requestId":"4a91d319-bc46-4985-aba5-b701a0496026","file":"users.go","function":"GetUserProfile","line":95,"message":"GetUserProfile success for userID: 7"}
{"timestamp":"2026-03-28T13:40:57Z","level":"INFO","component":"restapi","podId":"-","env":"-","requestId":"372c54fd-ab65-4c71-bc29-5bc2d74c366a","file":"users.go","function":"RefreshToken","line":162,"message":"TEST CHANGE WORKING"}
{"timestamp":"2026-03-28T13:40:57Z","level":"INFO","component":"restapi","podId":"-","env":"-","requestId":"372c54fd-ab65-4c71-bc29-5bc2d74c366a","file":"users.go","function":"RefreshToken","line":163,"message":"RefreshToken called"}
{"timestamp":"2026-03-28T13:40:57Z","level":"ERROR","component":"restapi","podId":"-","env":"-","requestId":"372c54fd-ab65-4c71-bc29-5bc2d74c366a","file":"users.go","function":"RefreshToken","line":179,"message":"REFRESH TOKEN FAILED: \u0026{0xc0003c89e0 \u003cnil\u003e}"}
{"timestamp":"2026-03-28T13:41:14Z","level":"INFO","component":"restapi","podId":"-","env":"-","requestId":"8d50b51c-8a95-454b-a98c-d7b166b4ac86","file":"users.go","function":"RefreshToken","line":162,"message":"TEST CHANGE WORKING"}
{"timestamp":"2026-03-28T13:41:14Z","level":"INFO","component":"restapi","podId":"-","env":"-","requestId":"8d50b51c-8a95-454b-a98c-d7b166b4ac86","file":"users.go","function":"RefreshToken","line":163,"message":"RefreshToken called"}
{"timestamp":"2026-03-28T13:41:14Z","level":"ERROR","component":"restapi","podId":"-","env":"-","requestId":"8d50b51c-8a95-454b-a98c-d7b166b4ac86","file":"users.go","function":"RefreshToken","line":179,"message":"REFRESH TOKEN FAILED: \u0026{0xc0003c8fb0 \u003cnil\u003e}"}
{"timestamp":"2026-03-28T13:42:09Z","level":"INFO","component":"restapi","podId":"-","env":"-","requestId":"c06b6ad3-b039-403b-8987-758455c5d95b","file":"users.go","function":"RefreshToken","line":162,"message":"TEST CHANGE WORKING"}
{"timestamp":"2026-03-28T13:42:09Z","level":"INFO","component":"restapi","podId":"-","env":"-","requestId":"c06b6ad3-b039-403b-8987-758455c5d95b","file":"users.go","function":"RefreshToken","line":163,"message":"RefreshToken called"}
{"timestamp":"2026-03-28T13:42:09Z","level":"ERROR","component":"restapi","podId":"-","env":"-","requestId":"c06b6ad3-b039-403b-8987-758455c5d95b","file":"users.go","function":"RefreshToken","line":179,"message":"REFRESH TOKEN FAILED: \u0026{Error:0xc000554160 Message:\u003cnil\u003e}"}
{"timestamp":"2026-03-28T13:43:15Z","level":"INFO","component":"restapi","podId":"-","env":"-","requestId":"25e7da39-1fd8-4c19-b0c8-15ad856d6823","file":"users.go","function":"RefreshToken","line":162,"message":"TEST CHANGE WORKING"}
{"timestamp":"2026-03-28T13:43:15Z","level":"INFO","component":"restapi","podId":"-","env":"-","requestId":"25e7da39-1fd8-4c19-b0c8-15ad856d6823","file":"users.go","function":"RefreshToken","line":163,"message":"RefreshToken called"}
{"timestamp":"2026-03-28T13:43:15Z","level":"ERROR","component":"restapi","podId":"-","env":"-","requestId":"25e7da39-1fd8-4c19-b0c8-15ad856d6823","file":"users.go","function":"RefreshToken","line":179,"message":"REFRESH TOKEN FAILED: \u0026{Error:0xc00052e4d0 Message:\u003cnil\u003e}"}
{"timestamp":"2026-03-28T13:44:13Z","level":"INFO","component":"restapi","podId":"-","env":"-","requestId":"9921d9e1-4725-4567-9077-fe3cedb742cc","file":"users.go","function":"RefreshToken","line":162,"message":"TEST CHANGE WORKING"}
{"timestamp":"2026-03-28T13:44:13Z","level":"INFO","component":"restapi","podId":"-","env":"-","requestId":"9921d9e1-4725-4567-9077-fe3cedb742cc","file":"users.go","function":"RefreshToken","line":163,"message":"RefreshToken called"}
{"timestamp":"2026-03-28T13:44:13Z","level":"ERROR","component":"restapi","podId":"-","env":"-","requestId":"9921d9e1-4725-4567-9077-fe3cedb742cc","file":"users.go","function":"RefreshToken","line":179,"message":"REFRESH TOKEN FAILED: \u0026{Error:0xc00052ea00 Message:\u003cnil\u003e}"}
{"timestamp":"2026-03-28T13:45:54Z","level":"INFO","component":"restapi","podId":"-","env":"-","requestId":"d2af8977-7092-4bad-9be4-58d6b1faeac3","file":"users.go","function":"RefreshToken","line":162,"message":"TEST CHANGE WORKING"}
{"timestamp":"2026-03-28T13:45:54Z","level":"INFO","component":"restapi","podId":"-","env":"-","requestId":"d2af8977-7092-4bad-9be4-58d6b1faeac3","file":"users.go","function":"RefreshToken","line":163,"message":"RefreshToken called"}
{"timestamp":"2026-03-28T13:45:54Z","level":"ERROR","component":"restapi","podId":"-","env":"-","requestId":"d2af8977-7092-4bad-9be4-58d6b1faeac3","file":"users.go","function":"RefreshToken","line":179,"message":"REFRESH TOKEN FAILED: \u0026{Error:0xc00004a860 Message:\u003cnil\u003e}"}
{"timestamp":"2026-03-28T13:47:07Z","level":"INFO","component":"restapi","podId":"-","env":"-","requestId":"c443fb6c-cf76-462b-b70d-9e2974b88ebe","file":"users.go","function":"RefreshToken","line":162,"message":"TEST CHANGE WORKING"}
{"timestamp":"2026-03-28T13:47:07Z","level":"INFO","component":"restapi","podId":"-","env":"-","requestId":"c443fb6c-cf76-462b-b70d-9e2974b88ebe","file":"users.go","function":"RefreshToken","line":163,"message":"RefreshToken called"}
{"timestamp":"2026-03-28T13:47:07Z","level":"ERROR","component":"restapi","podId":"-","env":"-","requestId":"c443fb6c-cf76-462b-b70d-9e2974b88ebe","file":"users.go","function":"RefreshToken","line":179,"message":"REFRESH TOKEN FAILED: \u0026{Error:0xc000514830 Message:\u003cnil\u003e}"}
{"timestamp":"2026-03-28T13:47:19Z","level":"INFO","component":"restapi","podId":"-","env":"-","requestId":"a208b376-b4b4-4f59-ae58-d31c171b19ab","file":"users.go","function":"RefreshToken","line":162,"message":"TEST CHANGE WORKING"}
{"timestamp":"2026-03-28T13:47:19Z","level":"INFO","component":"restapi","podId":"-","env":"-","requestId":"a208b376-b4b4-4f59-ae58-d31c171b19ab","file":"users.go","function":"RefreshToken","line":163,"message":"RefreshToken called"}
{"timestamp":"2026-03-28T13:47:19Z","level":"ERROR","component":"restapi","podId":"-","env":"-","requestId":"a208b376-b4b4-4f59-ae58-d31c171b19ab","file":"users.go","function":"RefreshToken","line":179,"message":"REFRESH TOKEN FAILED: \u0026{Error:0xc000514c30 Message:\u003cnil\u003e}"}
{"timestamp":"2026-03-28T13:48:43Z","level":"INFO","component":"restapi","podId":"-","env":"-","requestId":"b3443562-c3f1-4b65-9cee-f664293001ec","file":"users.go","function":"RefreshToken","line":162,"message":"TEST CHANGE WORKING"}
{"timestamp":"2026-03-28T13:48:43Z","level":"INFO","component":"restapi","podId":"-","env":"-","requestId":"b3443562-c3f1-4b65-9cee-f664293001ec","file":"users.go","function":"RefreshToken","line":163,"message":"RefreshToken called"}
{"timestamp":"2026-03-28T13:48:43Z","level":"ERROR","component":"restapi","podId":"-","env":"-","requestId":"b3443562-c3f1-4b65-9cee-f664293001ec","file":"users.go","function":"RefreshToken","line":179,"message":"REFRESH TOKEN FAILED: \u0026{Error:0xc0004f4820 Message:\u003cnil\u003e}"}
{"timestamp":"2026-03-28T13:55:35Z","level":"INFO","component":"restapi","podId":"-","env":"-","requestId":"eaa93891-f875-4ffd-8016-7ba44768d9f4","file":"users.go","function":"RefreshToken","line":162,"message":"TEST CHANGE WORKING"}
{"timestamp":"2026-03-28T13:55:35Z","level":"INFO","component":"restapi","podId":"-","env":"-","requestId":"eaa93891-f875-4ffd-8016-7ba44768d9f4","file":"users.go","function":"RefreshToken","line":163,"message":"RefreshToken called"}
{"timestamp":"2026-03-28T13:55:35Z","level":"ERROR","component":"restapi","podId":"-","env":"-","requestId":"eaa93891-f875-4ffd-8016-7ba44768d9f4","file":"users.go","function":"RefreshToken","line":179,"message":"REFRESH TOKEN FAILED: \u0026{Error:0xc0004f4b60 Message:\u003cnil\u003e}"}
{"timestamp":"2026-03-28T13:58:05Z","level":"INFO","component":"restapi","podId":"-","env":"-","requestId":"ebf1a313-027c-4a1a-80cb-d9d285b694fa","file":"users.go","function":"RefreshToken","line":162,"message":"TEST CHANGE WORKING"}
{"timestamp":"2026-03-28T13:58:05Z","level":"INFO","component":"restapi","podId":"-","env":"-","requestId":"ebf1a313-027c-4a1a-80cb-d9d285b694fa","file":"users.go","function":"RefreshToken","line":163,"message":"RefreshToken called"}
{"timestamp":"2026-03-28T13:58:05Z","level":"ERROR","component":"restapi","podId":"-","env":"-","requestId":"ebf1a313-027c-4a1a-80cb-d9d285b694fa","file":"users.go","function":"RefreshToken","line":179,"message":"REFRESH TOKEN FAILED: \u0026{Error:0xc000508710 Message:\u003cnil\u003e}"}
{"timestamp":"2026-03-28T13:58:25Z","level":"INFO","component":"restapi","podId":"-","env":"-","requestId":"dc4935c6-1326-4af9-9a5a-de2681673003","file":"users.go","function":"RefreshToken","line":162,"message":"TEST CHANGE WORKING"}
{"timestamp":"2026-03-28T13:58:25Z","level":"INFO","component":"restapi","podId":"-","env":"-","requestId":"dc4935c6-1326-4af9-9a5a-de2681673003","file":"users.go","function":"RefreshToken","line":163,"message":"RefreshToken called"}
{"timestamp":"2026-03-28T13:58:25Z","level":"ERROR","component":"restapi","podId":"-","env":"-","requestId":"dc4935c6-1326-4af9-9a5a-de2681673003","file":"users.go","function":"RefreshToken","line":179,"message":"REFRESH TOKEN FAILED: \u0026{Error:0xc00041c3b0 Message:\u003cnil\u003e}"}
{"timestamp":"2026-03-28T14:00:50Z","level":"INFO","component":"restapi","podId":"-","env":"-","requestId":"b2e4ff68-9e76-4516-b28d-6e60c43d3978","file":"users.go","function":"RefreshToken","line":162,"message":"RefreshToken called"}
{"timestamp":"2026-03-28T14:00:50Z","level":"ERROR","component":"restapi","podId":"-","env":"-","requestId":"b2e4ff68-9e76-4516-b28d-6e60c43d3978","file":"users.go","function":"RefreshToken","line":178,"message":"REFRESH TOKEN FAILED: \u0026{Error:0xc00040c270 Message:\u003cnil\u003e}"}
{"timestamp":"2026-03-28T14:01:21Z","level":"INFO","component":"restapi","podId":"-","env":"-","requestId":"168498a8-59a8-4f78-9701-90bbc0569f67","file":"users.go","function":"RefreshToken","line":162,"message":"RefreshToken called"}
{"timestamp":"2026-03-28T14:01:21Z","level":"ERROR","component":"restapi","podId":"-","env":"-","requestId":"168498a8-59a8-4f78-9701-90bbc0569f67","file":"users.go","function":"RefreshToken","line":178,"message":"REFRESH TOKEN FAILED: \u0026{Error:0xc0004bce40 Message:\u003cnil\u003e}"}
{"timestamp":"2026-03-28T14:01:40Z","level":"INFO","component":"restapi","podId":"-","env":"-","requestId":"e09e3424-4837-4a0f-bbed-4dfd43557dee","file":"users.go","function":"RefreshToken","line":162,"message":"RefreshToken called"}
{"timestamp":"2026-03-28T14:01:40Z","level":"ERROR","component":"restapi","podId":"-","env":"-","requestId":"e09e3424-4837-4a0f-bbed-4dfd43557dee","file":"users.go","function":"RefreshToken","line":178,"message":"REFRESH TOKEN FAILED: \u0026{Error:0xc00040c890 Message:\u003cnil\u003e}"}
{"timestamp":"2026-03-28T14:02:35Z","level":"INFO","component":"restapi","podId":"-","env":"-","requestId":"caaedcb3-2b79-4cb7-bddd-a28775c2c1a2","file":"users.go","function":"RefreshToken","line":162,"message":"RefreshToken called"}
{"timestamp":"2026-03-28T14:02:35Z","level":"INFO","component":"restapi","podId":"-","env":"-","requestId":"caaedcb3-2b79-4cb7-bddd-a28775c2c1a2","file":"users.go","function":"RefreshToken","line":184,"message":"RefreshToken success"}
{"timestamp":"2026-03-28T14:03:15Z","level":"INFO","component":"restapi","podId":"-","env":"-","requestId":"44af0540-8d15-4d30-b360-ca71512d063e","file":"users.go","function":"GetUserProfile","line":69,"message":"GetUserProfile started for userID: 7"}
{"timestamp":"2026-03-28T14:03:15Z","level":"INFO","component":"restapi","podId":"-","env":"-","requestId":"44af0540-8d15-4d30-b360-ca71512d063e","file":"users.go","function":"GetUserProfile","line":95,"message":"GetUserProfile success for userID: 7"}
{"timestamp":"2026-03-28T14:04:47Z","level":"INFO","component":"restapi","podId":"-","env":"-","requestId":"a6bab0f7-cef1-4029-8b2a-7ac2eb10dbc3","file":"users.go","function":"RefreshToken","line":162,"message":"RefreshToken called"}
{"timestamp":"2026-03-28T14:04:47Z","level":"INFO","component":"restapi","podId":"-","env":"-","requestId":"a6bab0f7-cef1-4029-8b2a-7ac2eb10dbc3","file":"users.go","function":"RefreshToken","line":184,"message":"RefreshToken success"}
{"timestamp":"2026-03-28T14:04:54Z","level":"INFO","component":"restapi","podId":"-","env":"-","requestId":"7afe5282-cb2a-4df8-8252-30b049634367","file":"users.go","function":"GetUserProfile","line":69,"message":"GetUserProfile started for userID: 7"}
{"timestamp":"2026-03-28T14:04:54Z","level":"INFO","component":"restapi","podId":"-","env":"-","requestId":"7afe5282-cb2a-4df8-8252-30b049634367","file":"users.go","function":"GetUserProfile","line":95,"message":"GetUserProfile success for userID: 7"}
{"timestamp":"2026-03-28T14:11:00Z","level":"INFO","component":"restapi","podId":"-","env":"-","requestId":"be8aae07-03fe-4b71-b6c7-2dedc8175933","file":"users.go","function":"RefreshToken","line":162,"message":"RefreshToken called"}
{"timestamp":"2026-03-28T14:11:00Z","level":"ERROR","component":"restapi","podId":"-","env":"-","requestId":"be8aae07-03fe-4b71-b6c7-2dedc8175933","file":"users.go","function":"RefreshToken","line":178,"message":"REFRESH TOKEN FAILED: \u0026{Error:0xc00040c490 Message:\u003cnil\u003e}"}
{"timestamp":"2026-03-28T14:12:00Z","level":"INFO","component":"restapi","podId":"-","env":"-","requestId":"70bbf3f3-81e2-4fbe-97d4-3b679f076d1f","file":"users.go","function":"RefreshToken","line":162,"message":"RefreshToken called"}
{"timestamp":"2026-03-28T14:12:00Z","level":"INFO","component":"restapi","podId":"-","env":"-","requestId":"70bbf3f3-81e2-4fbe-97d4-3b679f076d1f","file":"users.go","function":"RefreshToken","line":184,"message":"RefreshToken success"}
{"timestamp":"2026-03-28T14:28:54Z","level":"INFO","component":"restapi","podId":"-","env":"-","requestId":"76320345-d92e-4eb8-8df4-f0481906d268","file":"users.go","function":"GetUserProfile","line":69,"message":"GetUserProfile started for userID: 7"}
{"timestamp":"2026-03-28T14:28:54Z","level":"INFO","component":"restapi","podId":"-","env":"-","requestId":"76320345-d92e-4eb8-8df4-f0481906d268","file":"users.go","function":"GetUserProfile","line":95,"message":"GetUserProfile success for userID: 7"}
{"timestamp":"2026-03-28T14:29:09Z","level":"INFO","component":"restapi","podId":"-","env":"-","requestId":"66942281-c29e-44b2-8f85-10078ca3649d","file":"users.go","function":"RefreshToken","line":162,"message":"RefreshToken called"}
{"timestamp":"2026-03-28T14:29:09Z","level":"ERROR","component":"restapi","podId":"-","env":"-","requestId":"66942281-c29e-44b2-8f85-10078ca3649d","file":"users.go","function":"RefreshToken","line":178,"message":"REFRESH TOKEN FAILED: \u0026{Error:0xc0004b4e60 Message:\u003cnil\u003e}"}
{"timestamp":"2026-03-28T14:29:18Z","level":"INFO","component":"restapi","podId":"-","env":"-","requestId":"dd05250c-6369-41ea-a3d9-27fe47115752","file":"users.go","function":"GetUserProfile","line":69,"message":"GetUserProfile started for userID: 7"}
{"timestamp":"2026-03-28T14:29:18Z","level":"INFO","component":"restapi","podId":"-","env":"-","requestId":"dd05250c-6369-41ea-a3d9-27fe47115752","file":"users.go","function":"GetUserProfile","line":95,"message":"GetUserProfile success for userID: 7"}
{"timestamp":"2026-03-28T14:29:35Z","level":"INFO","component":"restapi","podId":"-","env":"-","requestId":"59b41510-544d-4de4-b23c-11a1d5803018","file":"users.go","function":"RefreshToken","line":162,"message":"RefreshToken called"}
{"timestamp":"2026-03-28T14:29:35Z","level":"ERROR","component":"restapi","podId":"-","env":"-","requestId":"59b41510-544d-4de4-b23c-11a1d5803018","file":"users.go","function":"RefreshToken","line":178,"message":"REFRESH TOKEN FAILED: \u0026{Error:0xc0004b59b0 Message:\u003cnil\u003e}"}
{"timestamp":"2026-03-28T14:29:52Z","level":"INFO","component":"restapi","podId":"-","env":"-","requestId":"151565e3-892f-441d-b92f-93920637a263","file":"users.go","function":"RefreshToken","line":162,"message":"RefreshToken called"}
{"timestamp":"2026-03-28T14:29:52Z","level":"ERROR","component":"restapi","podId":"-","env":"-","requestId":"151565e3-892f-441d-b92f-93920637a263","file":"users.go","function":"RefreshToken","line":178,"message":"REFRESH TOKEN FAILED: \u0026{Error:0xc0004dbb80 Message:\u003cnil\u003e}"}
{"timestamp":"2026-03-28T14:30:07Z","level":"INFO","component":"restapi","podId":"-","env":"-","requestId":"57295699-846c-4557-a0f5-efe1cc7ccb30","file":"users.go","function":"RefreshToken","line":162,"message":"RefreshToken called"}
{"timestamp":"2026-03-28T14:30:07Z","level":"ERROR","component":"restapi","podId":"-","env":"-","requestId":"57295699-846c-4557-a0f5-efe1cc7ccb30","file":"users.go","function":"RefreshToken","line":178,"message":"REFRESH TOKEN FAILED: \u0026{Error:0xc0004b45c0 Message:\u003cnil\u003e}"}
{"timestamp":"2026-03-28T14:41:48Z","level":"INFO","component":"restapi","podId":"-","env":"-","requestId":"5f32734d-de60-4193-b1f3-5a56c322aaf0","file":"users.go","function":"GetUserProfile","line":66,"message":"GetUserProfile started for userID: 7"}
{"timestamp":"2026-03-28T14:41:48Z","level":"INFO","component":"restapi","podId":"-","env":"-","requestId":"5f32734d-de60-4193-b1f3-5a56c322aaf0","file":"users.go","function":"GetUserProfile","line":92,"message":"GetUserProfile success for userID: 7"}
{"timestamp":"2026-03-28T14:42:00Z","level":"INFO","component":"restapi","podId":"-","env":"-","requestId":"fa79fad8-a7a4-4e52-a0f3-1fb424c8a5c6","file":"users.go","function":"RefreshToken","line":120,"message":"RefreshToken called"}
{"timestamp":"2026-03-28T14:42:00Z","level":"ERROR","component":"restapi","podId":"-","env":"-","requestId":"fa79fad8-a7a4-4e52-a0f3-1fb424c8a5c6","file":"users.go","function":"RefreshToken","line":136,"message":"REFRESH TOKEN FAILED: \u0026{Error:0xc0003dc730 Message:\u003cnil\u003e}"}
{"timestamp":"2026-03-28T14:42:29Z","level":"INFO","component":"restapi","podId":"-","env":"-","requestId":"7c0f7efe-5557-48d9-a34b-aef37e4c828e","file":"users.go","function":"RefreshToken","line":120,"message":"RefreshToken called"}
{"timestamp":"2026-03-28T14:42:29Z","level":"INFO","component":"restapi","podId":"-","env":"-","requestId":"7c0f7efe-5557-48d9-a34b-aef37e4c828e","file":"users.go","function":"RefreshToken","line":142,"message":"RefreshToken success"}
{"timestamp":"2026-03-28T14:42:37Z","level":"INFO","component":"restapi","podId":"-","env":"-","requestId":"b6eb7eb1-c319-4eae-ad0f-8b8f4296f4b5","file":"users.go","function":"RefreshToken","line":120,"message":"RefreshToken called"}
{"timestamp":"2026-03-28T14:42:37Z","level":"INFO","component":"restapi","podId":"-","env":"-","requestId":"b6eb7eb1-c319-4eae-ad0f-8b8f4296f4b5","file":"users.go","function":"RefreshToken","line":142,"message":"RefreshToken success"}
{"timestamp":"2026-03-28T14:42:52Z","level":"INFO","component":"restapi","podId":"-","env":"-","requestId":"208c0077-faf7-4a60-a0d4-69e303c8ef02","file":"users.go","function":"RefreshToken","line":120,"message":"RefreshToken called"}
{"timestamp":"2026-03-28T14:42:52Z","level":"ERROR","component":"restapi","podId":"-","env":"-","requestId":"208c0077-faf7-4a60-a0d4-69e303c8ef02","file":"users.go","function":"RefreshToken","line":136,"message":"REFRESH TOKEN FAILED: \u0026{Error:0xc0003dda50 Message:\u003cnil\u003e}"}
{"timestamp":"2026-03-28T15:04:01Z","level":"INFO","component":"restapi","podId":"-","env":"-","requestId":"a7b8926e-32ec-4c8f-9db1-c8726362b1e9","file":"users.go","function":"RegisterUser","line":24,"message":"Register User Called: \u0026{parasw111211211@example.com 0xc0004aea60 0xc0004aea70 919876543210}"}
{"timestamp":"2026-03-28T15:06:19Z","level":"INFO","component":"restapi","podId":"-","env":"-","requestId":"66c96f03-4be4-4377-8184-3f357e57df60","file":"users.go","function":"RegisterUser","line":24,"message":"Register User Called: \u0026{parasw111211211@example.com 0xc0004ae2d0 0xc0004ae2e0 919876543210}"}
{"timestamp":"2026-03-28T15:18:46Z","level":"INFO","component":"restapi","podId":"-","env":"-","requestId":"a040b341-9be1-42d1-9bd4-ff85e4c394b0","file":"users.go","function":"RegisterUser","line":25,"message":"Register User Called: \u0026{parasw111211211@example.com 0xc000498120 0xc000498130 919876543210}"}
{"timestamp":"2026-03-28T15:18:49Z","level":"INFO","component":"restapi","podId":"-","env":"-","requestId":"ba3589f2-835a-40cf-be59-c595ef42066d","file":"users.go","function":"RegisterUser","line":25,"message":"Register User Called: \u0026{parasw1111211211@example.com 0xc00004a9f0 0xc00004aa00 919876543210}"}
{"timestamp":"2026-03-28T15:19:36Z","level":"INFO","component":"restapi","podId":"-","env":"-","requestId":"d016f0d2-1e0c-4c8e-936a-592f19eff009","file":"users.go","function":"GetUserProfile","line":68,"message":"GetUserProfile started for userID: 11"}
{"timestamp":"2026-03-28T15:19:36Z","level":"INFO","component":"restapi","podId":"-","env":"-","requestId":"d016f0d2-1e0c-4c8e-936a-592f19eff009","file":"users.go","function":"GetUserProfile","line":94,"message":"GetUserProfile success for userID: 11"}
{"timestamp":"2026-03-28T15:19:49Z","level":"INFO","component":"restapi","podId":"-","env":"-","requestId":"7adb7df4-bb76-4f03-a043-f4ab6bbf7055","file":"users.go","function":"RefreshToken","line":122,"message":"RefreshToken called"}
{"timestamp":"2026-03-28T15:19:49Z","level":"INFO","component":"restapi","podId":"-","env":"-","requestId":"7adb7df4-bb76-4f03-a043-f4ab6bbf7055","file":"users.go","function":"RefreshToken","line":144,"message":"RefreshToken success"}
{"timestamp":"2026-03-28T15:25:03Z","level":"INFO","component":"restapi","podId":"-","env":"-","requestId":"69dbe9c7-32f4-457e-9ca8-49275ce27b20","file":"users.go","function":"RegisterUser","line":25,"message":"Register User Called: \u0026{parasw1111211211@example.com 0xc00051c3c0 0xc00051c3e0 919876543210}"}
{"timestamp":"2026-03-28T15:35:53Z","level":"INFO","component":"restapi","podId":"-","env":"-","requestId":"6695ef61-91ee-4e71-9df8-49b51d9d056a","file":"users.go","function":"GetUserProfile","line":68,"message":"GetUserProfile started for userID: 12"}
{"timestamp":"2026-03-28T15:35:53Z","level":"INFO","component":"restapi","podId":"-","env":"-","requestId":"6695ef61-91ee-4e71-9df8-49b51d9d056a","file":"users.go","function":"GetUserProfile","line":94,"message":"GetUserProfile success for userID: 12"}
{"timestamp":"2026-03-28T15:36:08Z","level":"INFO","component":"restapi","podId":"-","env":"-","requestId":"b2b30e7b-03c3-4586-ac62-7efb7e499e22","file":"users.go","function":"RefreshToken","line":122,"message":"RefreshToken called"}
{"timestamp":"2026-03-28T15:36:08Z","level":"INFO","component":"restapi","podId":"-","env":"-","requestId":"b2b30e7b-03c3-4586-ac62-7efb7e499e22","file":"users.go","function":"RefreshToken","line":144,"message":"RefreshToken success"}
{"timestamp":"2026-03-28T16:20:56Z","level":"INFO","component":"restapi","podId":"-","env":"-","requestId":"e98f189f-10eb-454e-9213-82fcdd9d7922","file":"users.go","function":"ForgetPassword","line":198,"message":"ForgetPassword request received"}
{"timestamp":"2026-03-28T16:20:56Z","level":"INFO","component":"restapi","podId":"-","env":"-","requestId":"e98f189f-10eb-454e-9213-82fcdd9d7922","file":"users.go","function":"ForgetPassword","line":209,"message":"processing forgot password | email=jainparas456@gmail.com"}
{"timestamp":"2026-03-28T16:20:56Z","level":"INFO","component":"restapi","podId":"-","env":"-","requestId":"e98f189f-10eb-454e-9213-82fcdd9d7922","file":"users.go","function":"ForgetPassword","line":226,"message":"ForgetPassword email sent (if user exists) | email=jainparas456@gmail.com"}
{"timestamp":"2026-03-28T16:22:22Z","level":"INFO","component":"restapi","podId":"-","env":"-","requestId":"2b0ba46e-056a-4114-95b9-f5e13fc2f3a6","file":"users.go","function":"RegisterUser","line":25,"message":"Register User Called: \u0026{jainparas456@example.com 0xc00042c630 0xc00042c640 919876543210}"}
{"timestamp":"2026-03-28T16:22:37Z","level":"INFO","component":"restapi","podId":"-","env":"-","requestId":"d0609640-479a-4fe3-b5c8-b5e556ae2537","file":"users.go","function":"ForgetPassword","line":198,"message":"ForgetPassword request received"}
{"timestamp":"2026-03-28T16:22:37Z","level":"INFO","component":"restapi","podId":"-","env":"-","requestId":"d0609640-479a-4fe3-b5c8-b5e556ae2537","file":"users.go","function":"ForgetPassword","line":209,"message":"processing forgot password | email=jainparas456@gmail.com"}
{"timestamp":"2026-03-28T16:22:37Z","level":"INFO","component":"restapi","podId":"-","env":"-","requestId":"d0609640-479a-4fe3-b5c8-b5e556ae2537","file":"users.go","function":"ForgetPassword","line":226,"message":"ForgetPassword email sent (if user exists) | email=jainparas456@gmail.com"}
{"timestamp":"2026-03-28T16:23:04Z","level":"INFO","component":"restapi","podId":"-","env":"-","requestId":"458f4b96-2f1a-490b-b50d-1763090c3cf2","file":"users.go","function":"RegisterUser","line":25,"message":"Register User Called: \u0026{jainparas456@gmail.com 0xc0004ae7e0 0xc0004ae7f0 919876543210}"}
{"timestamp":"2026-03-28T16:23:07Z","level":"INFO","component":"restapi","podId":"-","env":"-","requestId":"4bf640fa-ab1b-4b97-909c-dea492ef7efc","file":"users.go","function":"ForgetPassword","line":198,"message":"ForgetPassword request received"}
{"timestamp":"2026-03-28T16:23:07Z","level":"INFO","component":"restapi","podId":"-","env":"-","requestId":"4bf640fa-ab1b-4b97-909c-dea492ef7efc","file":"users.go","function":"ForgetPassword","line":209,"message":"processing forgot password | email=jainparas456@gmail.com"}
{"timestamp":"2026-03-28T16:23:07Z","level":"ERROR","component":"restapi","podId":"-","env":"-","requestId":"4bf640fa-ab1b-4b97-909c-dea492ef7efc","file":"users.go","function":"ForgetPassword","line":216,"message":"ForgetPassword service failed | email=jainparas456@gmail.com error=ERROR: relation \"password_resets\" does not exist (SQLSTATE 42P01)"}
{"timestamp":"2026-03-28T16:28:03Z","level":"INFO","component":"restapi","podId":"-","env":"-","requestId":"3be28ebb-f958-46d9-b484-b4cd3935c946","file":"users.go","function":"ForgetPassword","line":198,"message":"ForgetPassword request received"}
{"timestamp":"2026-03-28T16:28:03Z","level":"INFO","component":"restapi","podId":"-","env":"-","requestId":"3be28ebb-f958-46d9-b484-b4cd3935c946","file":"users.go","function":"ForgetPassword","line":209,"message":"processing forgot password | email=jainparas456@gmail.com"}
{"timestamp":"2026-03-28T16:28:03Z","level":"INFO","component":"restapi","podId":"-","env":"-","requestId":"3be28ebb-f958-46d9-b484-b4cd3935c946","file":"users.go","function":"ForgetPassword","line":226,"message":"ForgetPassword email sent (if user exists) | email=jainparas456@gmail.com"}
{"timestamp":"2026-03-28T16:35:52Z","level":"INFO","component":"restapi","podId":"-","env":"-","requestId":"1d5f9595-7dff-4b88-80fd-68256ea27b45","file":"users.go","function":"ForgetPassword","line":198,"message":"ForgetPassword request received"}
{"timestamp":"2026-03-28T16:35:52Z","level":"INFO","component":"restapi","podId":"-","env":"-","requestId":"1d5f9595-7dff-4b88-80fd-68256ea27b45","file":"users.go","function":"ForgetPassword","line":209,"message":"processing forgot password | email=jainparas456@gmail.com"}
{"timestamp":"2026-03-28T16:35:52Z","level":"INFO","component":"restapi","podId":"-","env":"-","requestId":"1d5f9595-7dff-4b88-80fd-68256ea27b45","file":"users.go","function":"ForgetPassword","line":226,"message":"ForgetPassword email sent (if user exists) | email=jainparas456@gmail.com"}
{"timestamp":"2026-03-28T16:41:48Z","level":"INFO","component":"restapi","podId":"-","env":"-","requestId":"200a98b7-b45f-42a6-bb7f-7dd96949011a","file":"users.go","function":"ForgetPassword","line":198,"message":"ForgetPassword request received"}
{"timestamp":"2026-03-28T16:41:48Z","level":"INFO","component":"restapi","podId":"-","env":"-","requestId":"200a98b7-b45f-42a6-bb7f-7dd96949011a","file":"users.go","function":"ForgetPassword","line":209,"message":"processing forgot password | email=jainparas456@gmail.com"}
{"timestamp":"2026-03-28T16:41:48Z","level":"INFO","component":"restapi","podId":"-","env":"-","requestId":"200a98b7-b45f-42a6-bb7f-7dd96949011a","file":"users.go","function":"ForgetPassword","line":226,"message":"ForgetPassword email sent (if user exists) | email=jainparas456@gmail.com"}
{"timestamp":"2026-03-28T16:44:46Z","level":"INFO","component":"restapi","podId":"-","env":"-","requestId":"f13ac503-6720-4822-bc07-322c9e156dcd","file":"users.go","function":"ForgetPassword","line":198,"message":"ForgetPassword request received"}
{"timestamp":"2026-03-28T16:44:46Z","level":"INFO","component":"restapi","podId":"-","env":"-","requestId":"f13ac503-6720-4822-bc07-322c9e156dcd","file":"users.go","function":"ForgetPassword","line":209,"message":"processing forgot password | email=jainparas456@gmail.com"}
{"timestamp":"2026-03-28T16:44:46Z","level":"INFO","component":"restapi","podId":"-","env":"-","requestId":"f13ac503-6720-4822-bc07-322c9e156dcd","file":"users.go","function":"ForgetPassword","line":226,"message":"ForgetPassword email sent (if user exists) | email=jainparas456@gmail.com"}
{"timestamp":"2026-03-28T16:51:12Z","level":"INFO","component":"restapi","podId":"-","env":"-","requestId":"dcfcd2de-7203-409b-b14f-46becd7d4542","file":"users.go","function":"ForgetPassword","line":198,"message":"ForgetPassword request received"}
{"timestamp":"2026-03-28T16:51:12Z","level":"INFO","component":"restapi","podId":"-","env":"-","requestId":"dcfcd2de-7203-409b-b14f-46becd7d4542","file":"users.go","function":"ForgetPassword","line":209,"message":"processing forgot password | email=jainparas456@gmail.com"}
{"timestamp":"2026-03-28T16:51:12Z","level":"INFO","component":"restapi","podId":"-","env":"-","requestId":"dcfcd2de-7203-409b-b14f-46becd7d4542","file":"users.go","function":"ForgetPassword","line":226,"message":"ForgetPassword email sent (if user exists) | email=jainparas456@gmail.com"}
{"timestamp":"2026-03-28T17:08:02Z","level":"INFO","component":"restapi","podId":"-","env":"-","requestId":"778630d2-5a67-4fb5-9508-a21007f65fd9","file":"users.go","function":"ForgetPassword","line":198,"message":"ForgetPassword request received"}
{"timestamp":"2026-03-28T17:08:02Z","level":"INFO","component":"restapi","podId":"-","env":"-","requestId":"778630d2-5a67-4fb5-9508-a21007f65fd9","file":"users.go","function":"ForgetPassword","line":209,"message":"processing forgot password | email=jainparas456@gmail.com"}
{"timestamp":"2026-03-28T17:08:02Z","level":"INFO","component":"restapi","podId":"-","env":"-","requestId":"778630d2-5a67-4fb5-9508-a21007f65fd9","file":"users.go","function":"ForgetPassword","line":226,"message":"ForgetPassword email sent (if user exists) | email=jainparas456@gmail.com"}
{"timestamp":"2026-03-28T17:09:24Z","level":"INFO","component":"restapi","podId":"-","env":"-","requestId":"0da26df3-bcd6-4637-868b-3bb9e78f4331","file":"users.go","function":"RegisterUser","line":25,"message":"Register User Called: \u0026{sagarkumar280628@gmail.com 0xc0002414a0 0xc0002414b0 919876543210}"}
{"timestamp":"2026-03-28T17:09:42Z","level":"INFO","component":"restapi","podId":"-","env":"-","requestId":"bd795dd0-b037-4a2f-b12d-739494b9c400","file":"users.go","function":"RegisterUser","line":25,"message":"Register User Called: \u0026{sagarkumar280628@gmail.com 0xc00051abe0 0xc00051abf0 919876543210}"}
{"timestamp":"2026-03-28T17:11:33Z","level":"INFO","component":"restapi","podId":"-","env":"-","requestId":"671f3745-c20d-447e-92dc-5374fa25b208","file":"users.go","function":"ForgetPassword","line":198,"message":"ForgetPassword request received"}
{"timestamp":"2026-03-28T17:11:33Z","level":"INFO","component":"restapi","podId":"-","env":"-","requestId":"671f3745-c20d-447e-92dc-5374fa25b208","file":"users.go","function":"ForgetPassword","line":209,"message":"processing forgot password | email=sagarkumar280628@gmail.com"}
{"timestamp":"2026-03-28T17:11:33Z","level":"INFO","component":"restapi","podId":"-","env":"-","requestId":"671f3745-c20d-447e-92dc-5374fa25b208","file":"users.go","function":"ForgetPassword","line":226,"message":"ForgetPassword email sent (if user exists) | email=sagarkumar280628@gmail.com"}
{"timestamp":"2026-03-28T17:19:06Z","level":"INFO","component":"restapi","podId":"-","env":"-","requestId":"05a1f0e6-28bc-440a-acec-7b072a340923","file":"users.go","function":"ForgetPassword","line":198,"message":"ForgetPassword request received"}
{"timestamp":"2026-03-28T17:19:06Z","level":"INFO","component":"restapi","podId":"-","env":"-","requestId":"05a1f0e6-28bc-440a-acec-7b072a340923","file":"users.go","function":"ForgetPassword","line":209,"message":"processing forgot password | email=jainparas456@gmail.com"}
{"timestamp":"2026-03-28T17:19:06Z","level":"INFO","component":"restapi","podId":"-","env":"-","requestId":"05a1f0e6-28bc-440a-acec-7b072a340923","file":"users.go","function":"ForgetPassword","line":226,"message":"ForgetPassword email sent (if user exists) | email=jainparas456@gmail.com"}
{"timestamp":"2026-03-28T17:23:26Z","level":"INFO","component":"restapi","podId":"-","env":"-","requestId":"ffc299c6-778a-437d-9a68-01817283696c","file":"users.go","function":"ForgetPassword","line":198,"message":"ForgetPassword request received"}
{"timestamp":"2026-03-28T17:23:26Z","level":"INFO","component":"restapi","podId":"-","env":"-","requestId":"ffc299c6-778a-437d-9a68-01817283696c","file":"users.go","function":"ForgetPassword","line":209,"message":"processing forgot password | email=jainparas456@gmail.com"}
{"timestamp":"2026-03-28T17:23:26Z","level":"INFO","component":"restapi","podId":"-","env":"-","requestId":"ffc299c6-778a-437d-9a68-01817283696c","file":"users.go","function":"ForgetPassword","line":226,"message":"ForgetPassword email sent (if user exists) | email=jainparas456@gmail.com"}
{"timestamp":"2026-03-28T17:37:31Z","level":"INFO","component":"restapi","podId":"-","env":"-","requestId":"9b2184aa-1a8d-4191-9fb6-6637b8c7cd8e","file":"users.go","function":"ForgetPassword","line":198,"message":"ForgetPassword request received"}
{"timestamp":"2026-03-28T17:37:31Z","level":"INFO","component":"restapi","podId":"-","env":"-","requestId":"9b2184aa-1a8d-4191-9fb6-6637b8c7cd8e","file":"users.go","function":"ForgetPassword","line":209,"message":"processing forgot password | email=jainparas456@gmail.com"}
{"timestamp":"2026-03-28T17:37:31Z","level":"INFO","component":"restapi","podId":"-","env":"-","requestId":"9b2184aa-1a8d-4191-9fb6-6637b8c7cd8e","file":"users.go","function":"ForgetPassword","line":226,"message":"ForgetPassword email sent (if user exists) | email=jainparas456@gmail.com"}
{"timestamp":"2026-03-28T17:57:05Z","level":"INFO","component":"restapi","podId":"-","env":"-","requestId":"fe0ffee9-e430-4deb-a7d9-bb0291676109","file":"users.go","function":"ForgetPassword","line":198,"message":"ForgetPassword request received"}
{"timestamp":"2026-03-28T17:57:05Z","level":"INFO","component":"restapi","podId":"-","env":"-","requestId":"fe0ffee9-e430-4deb-a7d9-bb0291676109","file":"users.go","function":"ForgetPassword","line":209,"message":"processing forgot password | email=jainparas456@gmail.com"}
{"timestamp":"2026-03-28T17:57:05Z","level":"INFO","component":"restapi","podId":"-","env":"-","requestId":"fe0ffee9-e430-4deb-a7d9-bb0291676109","file":"users.go","function":"ForgetPassword","line":226,"message":"ForgetPassword email sent (if user exists) | email=jainparas456@gmail.com"}
{"timestamp":"2026-03-28T17:58:43Z","level":"INFO","component":"restapi","podId":"-","env":"-","requestId":"ef899813-e306-4410-89d2-c44184c8bc28","file":"users.go","function":"ForgetPassword","line":198,"message":"ForgetPassword request received"}
{"timestamp":"2026-03-28T17:58:43Z","level":"INFO","component":"restapi","podId":"-","env":"-","requestId":"ef899813-e306-4410-89d2-c44184c8bc28","file":"users.go","function":"ForgetPassword","line":209,"message":"processing forgot password | email=jainparas456@gmail.com"}
{"timestamp":"2026-03-28T17:58:43Z","level":"INFO","component":"restapi","podId":"-","env":"-","requestId":"ef899813-e306-4410-89d2-c44184c8bc28","file":"users.go","function":"ForgetPassword","line":226,"message":"ForgetPassword email sent (if user exists) | email=jainparas456@gmail.com"}
{"timestamp":"2026-03-28T18:12:32Z","level":"INFO","component":"restapi","podId":"-","env":"-","requestId":"c307a5a5-97c2-4f5e-8aba-04482a0e4968","file":"users.go","function":"ForgetPassword","line":198,"message":"ForgetPassword request received"}
{"timestamp":"2026-03-28T18:12:32Z","level":"INFO","component":"restapi","podId":"-","env":"-","requestId":"c307a5a5-97c2-4f5e-8aba-04482a0e4968","file":"users.go","function":"ForgetPassword","line":209,"message":"processing forgot password | email=jainparas456@gmail.com"}
{"timestamp":"2026-03-28T18:12:32Z","level":"INFO","component":"restapi","podId":"-","env":"-","requestId":"c307a5a5-97c2-4f5e-8aba-04482a0e4968","file":"users.go","function":"ForgetPassword","line":226,"message":"ForgetPassword email sent (if user exists) | email=jainparas456@gmail.com"}
{"timestamp":"2026-03-28T18:13:03Z","level":"INFO","component":"restapi","podId":"-","env":"-","requestId":"b89c1579-a6dd-4b44-a01c-e45692f92608","file":"users.go","function":"ForgetPassword","line":198,"message":"ForgetPassword request received"}
{"timestamp":"2026-03-28T18:13:03Z","level":"INFO","component":"restapi","podId":"-","env":"-","requestId":"b89c1579-a6dd-4b44-a01c-e45692f92608","file":"users.go","function":"ForgetPassword","line":209,"message":"processing forgot password | email=jainparas456@gmail.com"}
{"timestamp":"2026-03-28T18:13:03Z","level":"INFO","component":"restapi","podId":"-","env":"-","requestId":"b89c1579-a6dd-4b44-a01c-e45692f92608","file":"users.go","function":"ForgetPassword","line":226,"message":"ForgetPassword email sent (if user exists) | email=jainparas456@gmail.com"}
{"timestamp":"2026-03-28T18:13:55Z","level":"INFO","component":"restapi","podId":"-","env":"-","requestId":"2a6b70e7-4633-4ab0-b3af-8bd9772d272e","file":"users.go","function":"ForgetPassword","line":198,"message":"ForgetPassword request received"}
{"timestamp":"2026-03-28T18:13:55Z","level":"INFO","component":"restapi","podId":"-","env":"-","requestId":"2a6b70e7-4633-4ab0-b3af-8bd9772d272e","file":"users.go","function":"ForgetPassword","line":209,"message":"processing forgot password | email=jainparas456@gmail.com"}
{"timestamp":"2026-03-28T18:13:55Z","level":"INFO","component":"restapi","podId":"-","env":"-","requestId":"2a6b70e7-4633-4ab0-b3af-8bd9772d272e","file":"users.go","function":"ForgetPassword","line":226,"message":"ForgetPassword email sent (if user exists) | email=jainparas456@gmail.com"}
{"timestamp":"2026-03-28T18:16:08Z","level":"INFO","component":"restapi","podId":"-","env":"-","requestId":"811276c0-7238-4211-8a86-2541a4de8dc5","file":"users.go","function":"ForgetPassword","line":198,"message":"ForgetPassword request received"}
{"timestamp":"2026-03-28T18:16:08Z","level":"INFO","component":"restapi","podId":"-","env":"-","requestId":"811276c0-7238-4211-8a86-2541a4de8dc5","file":"users.go","function":"ForgetPassword","line":209,"message":"processing forgot password | email=jainparas456@gmail.com"}
{"timestamp":"2026-03-28T18:16:08Z","level":"INFO","component":"restapi","podId":"-","env":"-","requestId":"811276c0-7238-4211-8a86-2541a4de8dc5","file":"users.go","function":"ForgetPassword","line":226,"message":"ForgetPassword email sent (if user exists) | email=jainparas456@gmail.com"}
{"timestamp":"2026-03-28T18:16:26Z","level":"INFO","component":"restapi","podId":"-","env":"-","requestId":"64b8fb52-16ce-4cf9-8882-96877862112b","file":"users.go","function":"ForgetPassword","line":198,"message":"ForgetPassword request received"}
{"timestamp":"2026-03-28T18:16:26Z","level":"INFO","component":"restapi","podId":"-","env":"-","requestId":"64b8fb52-16ce-4cf9-8882-96877862112b","file":"users.go","function":"ForgetPassword","line":209,"message":"processing forgot password | email=jainparas456@gmail.com"}
{"timestamp":"2026-03-28T18:16:26Z","level":"INFO","component":"restapi","podId":"-","env":"-","requestId":"64b8fb52-16ce-4cf9-8882-96877862112b","file":"users.go","function":"ForgetPassword","line":226,"message":"ForgetPassword email sent (if user exists) | email=jainparas456@gmail.com"}
{"timestamp":"2026-03-28T18:17:19Z","level":"INFO","component":"restapi","podId":"-","env":"-","requestId":"b8b8da70-d75c-42eb-a72f-5289ae7d272b","file":"users.go","function":"ForgetPassword","line":198,"message":"ForgetPassword request received"}
{"timestamp":"2026-03-28T18:17:19Z","level":"INFO","component":"restapi","podId":"-","env":"-","requestId":"b8b8da70-d75c-42eb-a72f-5289ae7d272b","file":"users.go","function":"ForgetPassword","line":209,"message":"processing forgot password | email=sagarkumar280628@gmail.com"}
{"timestamp":"2026-03-28T18:17:19Z","level":"INFO","component":"restapi","podId":"-","env":"-","requestId":"b8b8da70-d75c-42eb-a72f-5289ae7d272b","file":"users.go","function":"ForgetPassword","line":226,"message":"ForgetPassword email sent (if user exists) | email=sagarkumar280628@gmail.com"}
{"timestamp":"2026-03-28T18:20:07Z","level":"INFO","component":"restapi","podId":"-","env":"-","requestId":"bec5a710-22c4-4d97-9238-34207c899500","file":"users.go","function":"ForgetPassword","line":198,"message":"ForgetPassword request received"}
{"timestamp":"2026-03-28T18:20:07Z","level":"INFO","component":"restapi","podId":"-","env":"-","requestId":"bec5a710-22c4-4d97-9238-34207c899500","file":"users.go","function":"ForgetPassword","line":209,"message":"processing forgot password | email=jainparas456@gmail.com"}
{"timestamp":"2026-03-28T18:20:07Z","level":"INFO","component":"restapi","podId":"-","env":"-","requestId":"bec5a710-22c4-4d97-9238-34207c899500","file":"users.go","function":"ForgetPassword","line":226,"message":"ForgetPassword email sent (if user exists) | email=jainparas456@gmail.com"}
{"timestamp":"2026-03-28T18:20:26Z","level":"INFO","component":"restapi","podId":"-","env":"-","requestId":"c48de858-57ec-4a3e-93e8-baa91953258d","file":"users.go","function":"ForgetPassword","line":198,"message":"ForgetPassword request received"}
{"timestamp":"2026-03-28T18:20:26Z","level":"INFO","component":"restapi","podId":"-","env":"-","requestId":"c48de858-57ec-4a3e-93e8-baa91953258d","file":"users.go","function":"ForgetPassword","line":209,"message":"processing forgot password | email=jainparas456@gmail.com"}
{"timestamp":"2026-03-28T18:20:26Z","level":"INFO","component":"restapi","podId":"-","env":"-","requestId":"c48de858-57ec-4a3e-93e8-baa91953258d","file":"users.go","function":"ForgetPassword","line":226,"message":"ForgetPassword email sent (if user exists) | email=jainparas456@gmail.com"}
{"timestamp":"2026-03-28T18:21:13Z","level":"INFO","component":"restapi","podId":"-","env":"-","requestId":"b860e7a7-c7f8-489a-875f-658d0d756f42","file":"users.go","function":"ForgetPassword","line":198,"message":"ForgetPassword request received"}
{"timestamp":"2026-03-28T18:21:13Z","level":"INFO","component":"restapi","podId":"-","env":"-","requestId":"b860e7a7-c7f8-489a-875f-658d0d756f42","file":"users.go","function":"ForgetPassword","line":209,"message":"processing forgot password | email=lovingshivss47@gmail.com"}
{"timestamp":"2026-03-28T18:21:13Z","level":"INFO","component":"restapi","podId":"-","env":"-","requestId":"b860e7a7-c7f8-489a-875f-658d0d756f42","file":"users.go","function":"ForgetPassword","line":226,"message":"ForgetPassword email sent (if user exists) | email=lovingshivss47@gmail.com"}
{"timestamp":"2026-03-28T18:22:45Z","level":"INFO","component":"restapi","podId":"-","env":"-","requestId":"3e9fbb1c-ee5a-4f04-a68a-dd52052f49fe","file":"users.go","function":"ForgetPassword","line":198,"message":"ForgetPassword request received"}
{"timestamp":"2026-03-28T18:22:45Z","level":"INFO","component":"restapi","podId":"-","env":"-","requestId":"3e9fbb1c-ee5a-4f04-a68a-dd52052f49fe","file":"users.go","function":"ForgetPassword","line":209,"message":"processing forgot password | email=shivanijain578@gmail.com"}
{"timestamp":"2026-03-28T18:22:45Z","level":"INFO","component":"restapi","podId":"-","env":"-","requestId":"3e9fbb1c-ee5a-4f04-a68a-dd52052f49fe","file":"users.go","function":"ForgetPassword","line":226,"message":"ForgetPassword email sent (if user exists) | email=shivanijain578@gmail.com"}
{"timestamp":"2026-03-28T18:23:33Z","level":"INFO","component":"restapi","podId":"-","env":"-","requestId":"a0571136-bd7f-41eb-a1df-488a52bbbc08","file":"users.go","function":"RegisterUser","line":25,"message":"Register User Called: \u0026{shivanijain578@gmail.com 0xc000538610 0xc000538620 919876543210}"}
{"timestamp":"2026-03-28T18:23:40Z","level":"INFO","component":"restapi","podId":"-","env":"-","requestId":"5b1bcba6-3415-4607-940f-07924a6387e5","file":"users.go","function":"ForgetPassword","line":198,"message":"ForgetPassword request received"}
{"timestamp":"2026-03-28T18:23:40Z","level":"INFO","component":"restapi","podId":"-","env":"-","requestId":"5b1bcba6-3415-4607-940f-07924a6387e5","file":"users.go","function":"ForgetPassword","line":209,"message":"processing forgot password | email=shivanijain578@gmail.com"}
{"timestamp":"2026-03-28T18:23:40Z","level":"INFO","component":"restapi","podId":"-","env":"-","requestId":"5b1bcba6-3415-4607-940f-07924a6387e5","file":"users.go","function":"ForgetPassword","line":226,"message":"ForgetPassword email sent (if user exists) | email=shivanijain578@gmail.com"}
